<?xml version="1.0" encoding="UTF-8"?>
<robot generator="Robot 7.3.2 (Python 3.13.7 on win32)" generated="2025-10-06T13:58:19.165938" rpa="false" schemaversion="5">
<suite id="s1" name="Filter" source="C:\Users\JussiJokinen_k5ltbdd\book_store\tests\filter.robot">
<test id="s1-t1" name="Set Price Filter Range From 150 To 250" line="45">
<kw name="Open Selenium Browser" owner="filter" type="SETUP">
<kw name="Open Browser" owner="SeleniumLibrary">
<msg time="2025-10-06T13:58:19.460918" level="INFO">Opening browser 'firefox' to base url 'https://practice.automationtesting.in/'.</msg>
<arg>${URL}</arg>
<arg>${SELENIUM_BROWSER}</arg>
<doc>Opens a new browser instance to the optional ``url``.</doc>
<status status="PASS" start="2025-10-06T13:58:19.460650" elapsed="14.276570"/>
</kw>
<kw name="Maximize Browser Window" owner="SeleniumLibrary">
<doc>Maximizes current browser window.</doc>
<status status="PASS" start="2025-10-06T13:58:33.737864" elapsed="0.305571"/>
</kw>
<status status="PASS" start="2025-10-06T13:58:19.459989" elapsed="14.583865"/>
</kw>
<kw name="Set Range From 150 To 250">
<kw name="Click Element" owner="SeleniumLibrary">
<msg time="2025-10-06T13:58:34.049367" level="INFO">Clicking element '//button[@aria-label='Do not consent']'.</msg>
<arg>${LOGIN_CONSENT_NO}</arg>
<doc>Click the element identified by ``locator``.</doc>
<status status="PASS" start="2025-10-06T13:58:34.047786" elapsed="0.230456"/>
</kw>
<kw name="Click Element" owner="SeleniumLibrary">
<msg time="2025-10-06T13:58:34.279937" level="INFO">Clicking element '//a[normalize-space()='Shop']'.</msg>
<arg>${SHOP}</arg>
<doc>Click the element identified by ``locator``.</doc>
<status status="PASS" start="2025-10-06T13:58:34.278986" elapsed="3.221834"/>
</kw>
<kw name="Get WebElement" owner="SeleniumLibrary">
<msg time="2025-10-06T13:58:37.515210" level="INFO">${left_handle} = &lt;selenium.webdriver.remote.webelement.WebElement (session="212ff6e7-e6a8-4ae2-8643-b61ecf13dc2e", element="7d6a5de6-2cce-49fb-a5b8-56d92a8e0f35")&gt;</msg>
<var>${left_handle}</var>
<arg>css=.price_slider span:nth-child(2)</arg>
<doc>Returns the first WebElement matching the given ``locator``.</doc>
<status status="PASS" start="2025-10-06T13:58:37.501455" elapsed="0.013905"/>
</kw>
<kw name="Get WebElement" owner="SeleniumLibrary">
<msg time="2025-10-06T13:58:37.527022" level="INFO">${right_handle} = &lt;selenium.webdriver.remote.webelement.WebElement (session="212ff6e7-e6a8-4ae2-8643-b61ecf13dc2e", element="6cbaae15-36dd-44d2-9f13-d67432e6b291")&gt;</msg>
<var>${right_handle}</var>
<arg>css=.price_slider span:nth-child(3)</arg>
<doc>Returns the first WebElement matching the given ``locator``.</doc>
<status status="PASS" start="2025-10-06T13:58:37.515984" elapsed="0.011225"/>
</kw>
<kw name="Drag And Drop By Offset" owner="SeleniumLibrary">
<arg>${left_handle}</arg>
<arg>0</arg>
<arg>0</arg>
<doc>Drags the element identified with ``locator`` by ``xoffset/yoffset``.</doc>
<status status="PASS" start="2025-10-06T13:58:37.527769" elapsed="0.581838"/>
</kw>
<kw name="Drag And Drop By Offset" owner="SeleniumLibrary">
<arg>${right_handle}</arg>
<arg>-143</arg>
<arg>0</arg>
<doc>Drags the element identified with ``locator`` by ``xoffset/yoffset``.</doc>
<status status="PASS" start="2025-10-06T13:58:38.110227" elapsed="0.546293"/>
</kw>
<kw name="Click Element" owner="SeleniumLibrary">
<msg time="2025-10-06T13:58:38.657462" level="INFO">Clicking element '//button[normalize-space()='Filter']'.</msg>
<arg>${FILTER_BUTTON}</arg>
<doc>Click the element identified by ``locator``.</doc>
<status status="PASS" start="2025-10-06T13:58:38.656910" elapsed="1.616466"/>
</kw>
<kw name="Wait Until Element Is Visible" owner="SeleniumLibrary">
<arg>${FILTER_PRICE}</arg>
<arg>3s</arg>
<doc>Waits until the element ``locator`` is visible.</doc>
<status status="PASS" start="2025-10-06T13:58:40.273805" elapsed="0.095780"/>
</kw>
<kw name="Element Should Contain" owner="SeleniumLibrary">
<msg time="2025-10-06T13:58:40.416685" level="INFO">Element '(//div[@class='price_label'])[1]' contains text 'Price: ₹150 — ₹250'.</msg>
<arg>${FILTER_PRICE}</arg>
<arg>Price: ₹150 — ₹250</arg>
<doc>Verifies that element ``locator`` contains text ``expected``.</doc>
<status status="PASS" start="2025-10-06T13:58:40.369952" elapsed="0.046910"/>
</kw>
<status status="PASS" start="2025-10-06T13:58:34.046225" elapsed="6.370812"/>
</kw>
<kw name="Close Browser" owner="SeleniumLibrary" type="TEARDOWN">
<doc>Closes the current browser.</doc>
<status status="PASS" start="2025-10-06T13:58:40.417860" elapsed="4.111603"/>
</kw>
<doc>Tests to set price filter range from 150 to 250</doc>
<status status="PASS" start="2025-10-06T13:58:19.458891" elapsed="25.071063"/>
</test>
<test id="s1-t2" name="Set Price Filter Range From 251 To 350" line="49">
<kw name="Open Selenium Browser" owner="filter" type="SETUP">
<kw name="Open Browser" owner="SeleniumLibrary">
<msg time="2025-10-06T13:58:44.532643" level="INFO">Opening browser 'firefox' to base url 'https://practice.automationtesting.in/'.</msg>
<arg>${URL}</arg>
<arg>${SELENIUM_BROWSER}</arg>
<doc>Opens a new browser instance to the optional ``url``.</doc>
<status status="PASS" start="2025-10-06T13:58:44.532302" elapsed="12.887167"/>
</kw>
<kw name="Maximize Browser Window" owner="SeleniumLibrary">
<doc>Maximizes current browser window.</doc>
<status status="PASS" start="2025-10-06T13:58:57.420131" elapsed="0.297528"/>
</kw>
<status status="PASS" start="2025-10-06T13:58:44.531862" elapsed="13.186016"/>
</kw>
<kw name="Set Range From 251 To 350">
<kw name="Click Element" owner="SeleniumLibrary">
<msg time="2025-10-06T13:58:57.719821" level="INFO">Clicking element '//button[@aria-label='Do not consent']'.</msg>
<arg>${LOGIN_CONSENT_NO}</arg>
<doc>Click the element identified by ``locator``.</doc>
<status status="PASS" start="2025-10-06T13:58:57.719211" elapsed="0.255288"/>
</kw>
<kw name="Click Element" owner="SeleniumLibrary">
<msg time="2025-10-06T13:58:57.975677" level="INFO">Clicking element '//a[normalize-space()='Shop']'.</msg>
<arg>${SHOP}</arg>
<doc>Click the element identified by ``locator``.</doc>
<status status="PASS" start="2025-10-06T13:58:57.975011" elapsed="2.720219"/>
</kw>
<kw name="Get WebElement" owner="SeleniumLibrary">
<msg time="2025-10-06T13:59:00.719990" level="INFO">${left_handle} = &lt;selenium.webdriver.remote.webelement.WebElement (session="29fd52b0-2c0d-4f13-929a-c31c49059f9e", element="c46bea49-579c-45df-b309-9a7f880fd3e6")&gt;</msg>
<var>${left_handle}</var>
<arg>css=.price_slider span:nth-child(2)</arg>
<doc>Returns the first WebElement matching the given ``locator``.</doc>
<status status="PASS" start="2025-10-06T13:59:00.695779" elapsed="0.024487"/>
</kw>
<kw name="Get WebElement" owner="SeleniumLibrary">
<msg time="2025-10-06T13:59:00.731034" level="INFO">${right_handle} = &lt;selenium.webdriver.remote.webelement.WebElement (session="29fd52b0-2c0d-4f13-929a-c31c49059f9e", element="7a409dd8-42e6-44cf-8598-7c8fc59a22ea")&gt;</msg>
<var>${right_handle}</var>
<arg>css=.price_slider span:nth-child(3)</arg>
<doc>Returns the first WebElement matching the given ``locator``.</doc>
<status status="PASS" start="2025-10-06T13:59:00.721115" elapsed="0.010085"/>
</kw>
<kw name="Drag And Drop By Offset" owner="SeleniumLibrary">
<arg>${left_handle}</arg>
<arg>58</arg>
<arg>0</arg>
<doc>Drags the element identified with ``locator`` by ``xoffset/yoffset``.</doc>
<status status="PASS" start="2025-10-06T13:59:00.731721" elapsed="0.613125"/>
</kw>
<kw name="Drag And Drop By Offset" owner="SeleniumLibrary">
<arg>${right_handle}</arg>
<arg>-86</arg>
<arg>0</arg>
<doc>Drags the element identified with ``locator`` by ``xoffset/yoffset``.</doc>
<status status="PASS" start="2025-10-06T13:59:01.345304" elapsed="0.555524"/>
</kw>
<kw name="Click Element" owner="SeleniumLibrary">
<msg time="2025-10-06T13:59:01.901811" level="INFO">Clicking element '//button[normalize-space()='Filter']'.</msg>
<arg>${FILTER_BUTTON}</arg>
<doc>Click the element identified by ``locator``.</doc>
<status status="PASS" start="2025-10-06T13:59:01.901264" elapsed="2.479973"/>
</kw>
<kw name="Wait Until Element Is Visible" owner="SeleniumLibrary">
<arg>${FILTER_PRICE}</arg>
<arg>3s</arg>
<doc>Waits until the element ``locator`` is visible.</doc>
<status status="PASS" start="2025-10-06T13:59:04.382356" elapsed="0.043547"/>
</kw>
<kw name="Element Should Contain" owner="SeleniumLibrary">
<msg time="2025-10-06T13:59:04.468213" level="INFO">Element '(//div[@class='price_label'])[1]' contains text 'Price: ₹251 — ₹350'.</msg>
<arg>${FILTER_PRICE}</arg>
<arg>Price: ₹251 — ₹350</arg>
<doc>Verifies that element ``locator`` contains text ``expected``.</doc>
<status status="PASS" start="2025-10-06T13:59:04.426411" elapsed="0.042086"/>
</kw>
<status status="PASS" start="2025-10-06T13:58:57.718551" elapsed="6.750223"/>
</kw>
<kw name="Close Browser" owner="SeleniumLibrary" type="TEARDOWN">
<doc>Closes the current browser.</doc>
<status status="PASS" start="2025-10-06T13:59:04.470063" elapsed="4.184240"/>
</kw>
<doc>Tests to set price filter range from 251 to 350</doc>
<status status="PASS" start="2025-10-06T13:58:44.531109" elapsed="24.123530"/>
</test>
<test id="s1-t3" name="Set Price Filter Range From 351 To 500" line="53">
<kw name="Open Selenium Browser" owner="filter" type="SETUP">
<kw name="Open Browser" owner="SeleniumLibrary">
<msg time="2025-10-06T13:59:08.656986" level="INFO">Opening browser 'firefox' to base url 'https://practice.automationtesting.in/'.</msg>
<arg>${URL}</arg>
<arg>${SELENIUM_BROWSER}</arg>
<doc>Opens a new browser instance to the optional ``url``.</doc>
<status status="PASS" start="2025-10-06T13:59:08.656692" elapsed="12.377297"/>
</kw>
<kw name="Maximize Browser Window" owner="SeleniumLibrary">
<doc>Maximizes current browser window.</doc>
<status status="PASS" start="2025-10-06T13:59:21.034582" elapsed="0.292929"/>
</kw>
<status status="PASS" start="2025-10-06T13:59:08.656271" elapsed="12.671661"/>
</kw>
<kw name="Set Range From 351 To 500">
<kw name="Click Element" owner="SeleniumLibrary">
<msg time="2025-10-06T13:59:21.332514" level="INFO">Clicking element '//button[@aria-label='Do not consent']'.</msg>
<arg>${LOGIN_CONSENT_NO}</arg>
<doc>Click the element identified by ``locator``.</doc>
<status status="PASS" start="2025-10-06T13:59:21.331339" elapsed="0.303959"/>
</kw>
<kw name="Click Element" owner="SeleniumLibrary">
<msg time="2025-10-06T13:59:21.636740" level="INFO">Clicking element '//a[normalize-space()='Shop']'.</msg>
<arg>${SHOP}</arg>
<doc>Click the element identified by ``locator``.</doc>
<status status="PASS" start="2025-10-06T13:59:21.635879" elapsed="3.089670"/>
</kw>
<kw name="Get WebElement" owner="SeleniumLibrary">
<msg time="2025-10-06T13:59:24.747522" level="INFO">${left_handle} = &lt;selenium.webdriver.remote.webelement.WebElement (session="c3795d13-5443-4bdd-9f26-47a2c9b81c18", element="54fd116d-b01a-42b3-9b44-3a2f9a347a9d")&gt;</msg>
<var>${left_handle}</var>
<arg>css=.price_slider span:nth-child(2)</arg>
<doc>Returns the first WebElement matching the given ``locator``.</doc>
<status status="PASS" start="2025-10-06T13:59:24.725955" elapsed="0.021774"/>
</kw>
<kw name="Get WebElement" owner="SeleniumLibrary">
<msg time="2025-10-06T13:59:24.758886" level="INFO">${right_handle} = &lt;selenium.webdriver.remote.webelement.WebElement (session="c3795d13-5443-4bdd-9f26-47a2c9b81c18", element="a0d64067-cbc2-4df9-ba5e-39b915fd7e0a")&gt;</msg>
<var>${right_handle}</var>
<arg>css=.price_slider span:nth-child(3)</arg>
<doc>Returns the first WebElement matching the given ``locator``.</doc>
<status status="PASS" start="2025-10-06T13:59:24.748207" elapsed="0.010971"/>
</kw>
<kw name="Drag And Drop By Offset" owner="SeleniumLibrary">
<arg>${left_handle}</arg>
<arg>115</arg>
<arg>0</arg>
<doc>Drags the element identified with ``locator`` by ``xoffset/yoffset``.</doc>
<status status="PASS" start="2025-10-06T13:59:24.759862" elapsed="0.570056"/>
</kw>
<kw name="Drag And Drop By Offset" owner="SeleniumLibrary">
<arg>${right_handle}</arg>
<arg>0</arg>
<arg>0</arg>
<doc>Drags the element identified with ``locator`` by ``xoffset/yoffset``.</doc>
<status status="PASS" start="2025-10-06T13:59:25.331030" elapsed="0.536926"/>
</kw>
<kw name="Click Element" owner="SeleniumLibrary">
<msg time="2025-10-06T13:59:25.868693" level="INFO">Clicking element '//button[normalize-space()='Filter']'.</msg>
<arg>${FILTER_BUTTON}</arg>
<doc>Click the element identified by ``locator``.</doc>
<status status="PASS" start="2025-10-06T13:59:25.868256" elapsed="2.232868"/>
</kw>
<kw name="Wait Until Element Is Visible" owner="SeleniumLibrary">
<arg>${FILTER_PRICE}</arg>
<arg>3s</arg>
<doc>Waits until the element ``locator`` is visible.</doc>
<status status="PASS" start="2025-10-06T13:59:28.101665" elapsed="0.045291"/>
</kw>
<kw name="Element Should Contain" owner="SeleniumLibrary">
<msg time="2025-10-06T13:59:28.218486" level="INFO">Element '(//div[@class='price_label'])[1]' contains text 'Price: ₹351 — ₹500'.</msg>
<arg>${FILTER_PRICE}</arg>
<arg>Price: ₹351 — ₹500</arg>
<doc>Verifies that element ``locator`` contains text ``expected``.</doc>
<status status="PASS" start="2025-10-06T13:59:28.147477" elapsed="0.071336"/>
</kw>
<status status="PASS" start="2025-10-06T13:59:21.329285" elapsed="6.889832"/>
</kw>
<kw name="Close Browser" owner="SeleniumLibrary" type="TEARDOWN">
<doc>Closes the current browser.</doc>
<status status="PASS" start="2025-10-06T13:59:28.220330" elapsed="4.600677"/>
</kw>
<doc>Tests to set price filter range from 351 to 500</doc>
<status status="PASS" start="2025-10-06T13:59:08.655599" elapsed="24.165754"/>
</test>
<status status="PASS" start="2025-10-06T13:58:19.168171" elapsed="73.654490"/>
</suite>
<statistics>
<total>
<stat pass="3" fail="0" skip="0">All Tests</stat>
</total>
<tag>
</tag>
<suite>
<stat name="Filter" id="s1" pass="3" fail="0" skip="0">Filter</stat>
</suite>
</statistics>
<errors>
</errors>
</robot>
