<?xml version="1.0" encoding="UTF-8"?>
<robot generator="Robot 7.3.2 (Python 3.13.7 on win32)" generated="2025-10-09T09:40:39.696626" rpa="false" schemaversion="5">
<suite id="s1" name="Tests" source="C:\Users\JussiJokinen_k5ltbdd\book_store\tests">
<suite id="s1-s1" name="Filter" source="C:\Users\JussiJokinen_k5ltbdd\book_store\tests\filter.robot">
<test id="s1-s1-t1" name="Set Price Filter Range From 150 To 250" line="10">
<kw name="Open Selenium Browser" owner="selenium" type="SETUP">
<kw name="Open Browser" owner="SeleniumLibrary">
<msg time="2025-10-09T09:40:42.167236" level="INFO">Opening browser 'firefox' to base url 'https://practice.automationtesting.in/'.</msg>
<arg>${URL}</arg>
<arg>${SELENIUM_BROWSER}</arg>
<doc>Opens a new browser instance to the optional ``url``.</doc>
<status status="PASS" start="2025-10-09T09:40:42.166896" elapsed="11.399798"/>
</kw>
<kw name="Maximize Browser Window" owner="SeleniumLibrary">
<doc>Maximizes current browser window.</doc>
<status status="PASS" start="2025-10-09T09:40:53.567063" elapsed="0.324598"/>
</kw>
<status status="PASS" start="2025-10-09T09:40:42.165549" elapsed="11.726372"/>
</kw>
<kw name="Set Range From 150 To 250" owner="selenium">
<kw name="Click Element" owner="SeleniumLibrary">
<msg time="2025-10-09T09:40:53.896028" level="INFO">Clicking element '//button[@aria-label='Do not consent']'.</msg>
<arg>${LOGIN_CONSENT_NO}</arg>
<doc>Click the element identified by ``locator``.</doc>
<status status="PASS" start="2025-10-09T09:40:53.894295" elapsed="0.840177"/>
</kw>
<kw name="Click Element" owner="SeleniumLibrary">
<msg time="2025-10-09T09:40:54.735223" level="INFO">Clicking element '//a[normalize-space()='Shop']'.</msg>
<arg>${SHOP}</arg>
<doc>Click the element identified by ``locator``.</doc>
<status status="PASS" start="2025-10-09T09:40:54.734721" elapsed="2.737293"/>
</kw>
<kw name="Get WebElement" owner="SeleniumLibrary">
<msg time="2025-10-09T09:40:57.497123" level="INFO">${left_handle} = &lt;selenium.webdriver.remote.webelement.WebElement (session="baf53b5c-e314-4ce1-b75a-29df34725705", element="1861c1cf-eec4-41cd-bc94-3b1370531fc6")&gt;</msg>
<var>${left_handle}</var>
<arg>css=.price_slider span:nth-child(2)</arg>
<doc>Returns the first WebElement matching the given ``locator``.</doc>
<status status="PASS" start="2025-10-09T09:40:57.472294" elapsed="0.024912"/>
</kw>
<kw name="Get WebElement" owner="SeleniumLibrary">
<msg time="2025-10-09T09:40:57.530570" level="INFO">${right_handle} = &lt;selenium.webdriver.remote.webelement.WebElement (session="baf53b5c-e314-4ce1-b75a-29df34725705", element="fd5cd117-4097-448d-adeb-004b65cc09e7")&gt;</msg>
<var>${right_handle}</var>
<arg>css=.price_slider span:nth-child(3)</arg>
<doc>Returns the first WebElement matching the given ``locator``.</doc>
<status status="PASS" start="2025-10-09T09:40:57.497483" elapsed="0.033173"/>
</kw>
<kw name="Drag And Drop By Offset" owner="SeleniumLibrary">
<arg>${left_handle}</arg>
<arg>0</arg>
<arg>0</arg>
<doc>Drags the element identified with ``locator`` by ``xoffset/yoffset``.</doc>
<status status="PASS" start="2025-10-09T09:40:57.530949" elapsed="1.003641"/>
</kw>
<kw name="Drag And Drop By Offset" owner="SeleniumLibrary">
<arg>${right_handle}</arg>
<arg>-143</arg>
<arg>0</arg>
<doc>Drags the element identified with ``locator`` by ``xoffset/yoffset``.</doc>
<status status="PASS" start="2025-10-09T09:40:58.535173" elapsed="0.831590"/>
</kw>
<kw name="Click Element" owner="SeleniumLibrary">
<msg time="2025-10-09T09:40:59.367624" level="INFO">Clicking element '//button[normalize-space()='Filter']'.</msg>
<arg>${FILTER_BUTTON}</arg>
<doc>Click the element identified by ``locator``.</doc>
<status status="PASS" start="2025-10-09T09:40:59.367082" elapsed="3.212839"/>
</kw>
<kw name="Wait Until Element Is Visible" owner="SeleniumLibrary">
<arg>${FILTER_PRICE}</arg>
<arg>3s</arg>
<doc>Waits until the element ``locator`` is visible.</doc>
<status status="PASS" start="2025-10-09T09:41:02.580224" elapsed="1.419177"/>
</kw>
<kw name="Element Should Contain" owner="SeleniumLibrary">
<msg time="2025-10-09T09:41:04.481421" level="INFO">Element '(//div[@class='price_label'])[1]' contains text 'Price: ₹150 — ₹250'.</msg>
<arg>${FILTER_PRICE}</arg>
<arg>Price: ₹150 — ₹250</arg>
<doc>Verifies that element ``locator`` contains text ``expected``.</doc>
<status status="PASS" start="2025-10-09T09:41:03.999750" elapsed="0.482027"/>
</kw>
<status status="PASS" start="2025-10-09T09:40:53.892359" elapsed="10.589648"/>
</kw>
<kw name="Close Browser" owner="SeleniumLibrary" type="TEARDOWN">
<doc>Closes the current browser.</doc>
<status status="PASS" start="2025-10-09T09:41:04.482538" elapsed="7.344257"/>
</kw>
<doc>Tests to set price filter range from 150 to 250</doc>
<status status="PASS" start="2025-10-09T09:40:42.164217" elapsed="29.662751"/>
</test>
<test id="s1-s1-t2" name="Set Price Filter Range From 251 To 350" line="14">
<kw name="Open Selenium Browser" owner="selenium" type="SETUP">
<kw name="Open Browser" owner="SeleniumLibrary">
<msg time="2025-10-09T09:41:11.831394" level="INFO">Opening browser 'firefox' to base url 'https://practice.automationtesting.in/'.</msg>
<arg>${URL}</arg>
<arg>${SELENIUM_BROWSER}</arg>
<doc>Opens a new browser instance to the optional ``url``.</doc>
<status status="PASS" start="2025-10-09T09:41:11.830652" elapsed="13.066549"/>
</kw>
<kw name="Maximize Browser Window" owner="SeleniumLibrary">
<doc>Maximizes current browser window.</doc>
<status status="PASS" start="2025-10-09T09:41:24.897735" elapsed="0.424373"/>
</kw>
<status status="PASS" start="2025-10-09T09:41:11.829729" elapsed="13.492759"/>
</kw>
<kw name="Set Range From 251 To 350" owner="selenium">
<kw name="Click Element" owner="SeleniumLibrary">
<msg time="2025-10-09T09:41:25.323935" level="INFO">Clicking element '//button[@aria-label='Do not consent']'.</msg>
<arg>${LOGIN_CONSENT_NO}</arg>
<doc>Click the element identified by ``locator``.</doc>
<status status="PASS" start="2025-10-09T09:41:25.323450" elapsed="0.345716"/>
</kw>
<kw name="Click Element" owner="SeleniumLibrary">
<msg time="2025-10-09T09:41:25.670259" level="INFO">Clicking element '//a[normalize-space()='Shop']'.</msg>
<arg>${SHOP}</arg>
<doc>Click the element identified by ``locator``.</doc>
<status status="PASS" start="2025-10-09T09:41:25.669578" elapsed="2.570913"/>
</kw>
<kw name="Get WebElement" owner="SeleniumLibrary">
<msg time="2025-10-09T09:41:28.288406" level="INFO">${left_handle} = &lt;selenium.webdriver.remote.webelement.WebElement (session="790f0a39-8567-444b-b9b6-7aadeaa5a548", element="33311ff1-6f6c-4a27-9b79-fa2732903685")&gt;</msg>
<var>${left_handle}</var>
<arg>css=.price_slider span:nth-child(2)</arg>
<doc>Returns the first WebElement matching the given ``locator``.</doc>
<status status="PASS" start="2025-10-09T09:41:28.240799" elapsed="0.047702"/>
</kw>
<kw name="Get WebElement" owner="SeleniumLibrary">
<msg time="2025-10-09T09:41:28.313086" level="INFO">${right_handle} = &lt;selenium.webdriver.remote.webelement.WebElement (session="790f0a39-8567-444b-b9b6-7aadeaa5a548", element="43c4c522-f581-4a3a-8df5-5111572ad7a2")&gt;</msg>
<var>${right_handle}</var>
<arg>css=.price_slider span:nth-child(3)</arg>
<doc>Returns the first WebElement matching the given ``locator``.</doc>
<status status="PASS" start="2025-10-09T09:41:28.288819" elapsed="0.024368"/>
</kw>
<kw name="Drag And Drop By Offset" owner="SeleniumLibrary">
<arg>${left_handle}</arg>
<arg>58</arg>
<arg>0</arg>
<doc>Drags the element identified with ``locator`` by ``xoffset/yoffset``.</doc>
<status status="PASS" start="2025-10-09T09:41:28.313606" elapsed="0.567950"/>
</kw>
<kw name="Drag And Drop By Offset" owner="SeleniumLibrary">
<arg>${right_handle}</arg>
<arg>-86</arg>
<arg>0</arg>
<doc>Drags the element identified with ``locator`` by ``xoffset/yoffset``.</doc>
<status status="PASS" start="2025-10-09T09:41:28.882036" elapsed="0.538827"/>
</kw>
<kw name="Click Element" owner="SeleniumLibrary">
<msg time="2025-10-09T09:41:29.421552" level="INFO">Clicking element '//button[normalize-space()='Filter']'.</msg>
<arg>${FILTER_BUTTON}</arg>
<doc>Click the element identified by ``locator``.</doc>
<status status="PASS" start="2025-10-09T09:41:29.421117" elapsed="2.316020"/>
</kw>
<kw name="Wait Until Element Is Visible" owner="SeleniumLibrary">
<arg>${FILTER_PRICE}</arg>
<arg>3s</arg>
<doc>Waits until the element ``locator`` is visible.</doc>
<status status="PASS" start="2025-10-09T09:41:31.737501" elapsed="0.038560"/>
</kw>
<kw name="Element Should Contain" owner="SeleniumLibrary">
<msg time="2025-10-09T09:41:31.814769" level="INFO">Element '(//div[@class='price_label'])[1]' contains text 'Price: ₹251 — ₹350'.</msg>
<arg>${FILTER_PRICE}</arg>
<arg>Price: ₹251 — ₹350</arg>
<doc>Verifies that element ``locator`` contains text ``expected``.</doc>
<status status="PASS" start="2025-10-09T09:41:31.776373" elapsed="0.038576"/>
</kw>
<status status="PASS" start="2025-10-09T09:41:25.322904" elapsed="6.492269"/>
</kw>
<kw name="Close Browser" owner="SeleniumLibrary" type="TEARDOWN">
<doc>Closes the current browser.</doc>
<status status="PASS" start="2025-10-09T09:41:31.815785" elapsed="3.948267"/>
</kw>
<doc>Tests to set price filter range from 251 to 350</doc>
<status status="PASS" start="2025-10-09T09:41:11.827629" elapsed="23.936627"/>
</test>
<test id="s1-s1-t3" name="Set Price Filter Range From 351 To 500" line="18">
<kw name="Open Selenium Browser" owner="selenium" type="SETUP">
<kw name="Open Browser" owner="SeleniumLibrary">
<msg time="2025-10-09T09:41:35.766646" level="INFO">Opening browser 'firefox' to base url 'https://practice.automationtesting.in/'.</msg>
<arg>${URL}</arg>
<arg>${SELENIUM_BROWSER}</arg>
<doc>Opens a new browser instance to the optional ``url``.</doc>
<status status="PASS" start="2025-10-09T09:41:35.766238" elapsed="13.331059"/>
</kw>
<kw name="Maximize Browser Window" owner="SeleniumLibrary">
<doc>Maximizes current browser window.</doc>
<status status="PASS" start="2025-10-09T09:41:49.097517" elapsed="0.259119"/>
</kw>
<status status="PASS" start="2025-10-09T09:41:35.765613" elapsed="13.591195"/>
</kw>
<kw name="Set Range From 351 To 500" owner="selenium">
<kw name="Click Element" owner="SeleniumLibrary">
<msg time="2025-10-09T09:41:49.358074" level="INFO">Clicking element '//button[@aria-label='Do not consent']'.</msg>
<arg>${LOGIN_CONSENT_NO}</arg>
<doc>Click the element identified by ``locator``.</doc>
<status status="PASS" start="2025-10-09T09:41:49.357666" elapsed="0.149490"/>
</kw>
<kw name="Click Element" owner="SeleniumLibrary">
<msg time="2025-10-09T09:41:49.508022" level="INFO">Clicking element '//a[normalize-space()='Shop']'.</msg>
<arg>${SHOP}</arg>
<doc>Click the element identified by ``locator``.</doc>
<status status="PASS" start="2025-10-09T09:41:49.507560" elapsed="2.380585"/>
</kw>
<kw name="Get WebElement" owner="SeleniumLibrary">
<msg time="2025-10-09T09:41:51.899434" level="INFO">${left_handle} = &lt;selenium.webdriver.remote.webelement.WebElement (session="633622ee-438a-4005-aa26-60426ea5ab81", element="54d4bc38-532e-445d-84a5-9a3880a94385")&gt;</msg>
<var>${left_handle}</var>
<arg>css=.price_slider span:nth-child(2)</arg>
<doc>Returns the first WebElement matching the given ``locator``.</doc>
<status status="PASS" start="2025-10-09T09:41:51.888424" elapsed="0.011077"/>
</kw>
<kw name="Get WebElement" owner="SeleniumLibrary">
<msg time="2025-10-09T09:41:51.903878" level="INFO">${right_handle} = &lt;selenium.webdriver.remote.webelement.WebElement (session="633622ee-438a-4005-aa26-60426ea5ab81", element="7f83701b-b1e7-4431-9907-0e1ceea88108")&gt;</msg>
<var>${right_handle}</var>
<arg>css=.price_slider span:nth-child(3)</arg>
<doc>Returns the first WebElement matching the given ``locator``.</doc>
<status status="PASS" start="2025-10-09T09:41:51.899709" elapsed="0.004238"/>
</kw>
<kw name="Drag And Drop By Offset" owner="SeleniumLibrary">
<arg>${left_handle}</arg>
<arg>115</arg>
<arg>0</arg>
<doc>Drags the element identified with ``locator`` by ``xoffset/yoffset``.</doc>
<status status="PASS" start="2025-10-09T09:41:51.904182" elapsed="0.538814"/>
</kw>
<kw name="Drag And Drop By Offset" owner="SeleniumLibrary">
<arg>${right_handle}</arg>
<arg>0</arg>
<arg>0</arg>
<doc>Drags the element identified with ``locator`` by ``xoffset/yoffset``.</doc>
<status status="PASS" start="2025-10-09T09:41:52.443175" elapsed="0.529256"/>
</kw>
<kw name="Click Element" owner="SeleniumLibrary">
<msg time="2025-10-09T09:41:52.972918" level="INFO">Clicking element '//button[normalize-space()='Filter']'.</msg>
<arg>${FILTER_BUTTON}</arg>
<doc>Click the element identified by ``locator``.</doc>
<status status="PASS" start="2025-10-09T09:41:52.972600" elapsed="1.469883"/>
</kw>
<kw name="Wait Until Element Is Visible" owner="SeleniumLibrary">
<arg>${FILTER_PRICE}</arg>
<arg>3s</arg>
<doc>Waits until the element ``locator`` is visible.</doc>
<status status="PASS" start="2025-10-09T09:41:54.442762" elapsed="0.019967"/>
</kw>
<kw name="Element Should Contain" owner="SeleniumLibrary">
<msg time="2025-10-09T09:41:54.478372" level="INFO">Element '(//div[@class='price_label'])[1]' contains text 'Price: ₹351 — ₹500'.</msg>
<arg>${FILTER_PRICE}</arg>
<arg>Price: ₹351 — ₹500</arg>
<doc>Verifies that element ``locator`` contains text ``expected``.</doc>
<status status="PASS" start="2025-10-09T09:41:54.462924" elapsed="0.015595"/>
</kw>
<status status="PASS" start="2025-10-09T09:41:49.357090" elapsed="5.121592"/>
</kw>
<kw name="Close Browser" owner="SeleniumLibrary" type="TEARDOWN">
<doc>Closes the current browser.</doc>
<status status="PASS" start="2025-10-09T09:41:54.479013" elapsed="3.274936"/>
</kw>
<doc>Tests to set price filter range from 351 to 500</doc>
<status status="PASS" start="2025-10-09T09:41:35.764718" elapsed="21.989334"/>
</test>
<status status="PASS" start="2025-10-09T09:40:39.724357" elapsed="78.030123"/>
</suite>
<status status="PASS" start="2025-10-09T09:40:39.714413" elapsed="78.040924"/>
</suite>
<statistics>
<total>
<stat pass="3" fail="0" skip="0">All Tests</stat>
</total>
<tag>
</tag>
<suite>
<stat name="Tests" id="s1" pass="3" fail="0" skip="0">Tests</stat>
<stat name="Filter" id="s1-s1" pass="3" fail="0" skip="0">Tests.Filter</stat>
</suite>
</statistics>
<errors>
</errors>
</robot>
