<?xml version="1.0" encoding="UTF-8"?>
<robot generator="Robot 7.3.2 (Python 3.13.7 on win32)" generated="2025-10-09T09:40:39.648636" rpa="false" schemaversion="5">
<suite id="s1" name="Tests" source="C:\Users\JussiJokinen_k5ltbdd\book_store\tests">
<suite id="s1-s1" name="Login" source="C:\Users\JussiJokinen_k5ltbdd\book_store\tests\login.robot">
<test id="s1-s1-t1" name="Login Test with Valid Credentials" line="9">
<kw name="Open New Browser" owner="common_keywords" type="SETUP">
<kw name="New Browser" owner="Browser">
<msg time="2025-10-09T09:40:47.641559" level="INFO">{"browser": "chromium", "headless": false, "chromiumSandbox": false, "devtools": false, "handleSIGHUP": true, "handleSIGINT": true, "handleSIGTERM": true, "slowMo": 0.0, "timeout": 30000.0, "tracesDir": "C:\\Users\\JussiJokinen_k5ltbdd\\book_store\\pabot_results\\3\\browser\\traces\\temp\\d7a5da93-f5c1-45ed-8a70-ff0cf409c1bf"}</msg>
<msg time="2025-10-09T09:40:49.139236" level="INFO">Starting Browser process C:\Users\JussiJokinen_k5ltbdd\book_store\venv\Lib\site-packages\Browser\wrapper\index.js using at 127.0.0.1:60256</msg>
<msg time="2025-10-09T09:40:53.930047" level="INFO">Successfully created browser with options: {"browser":"chromium","headless":false,"chromiumSandbox":false,"devtools":false,"handleSIGHUP":true,"handleSIGINT":true,"handleSIGTERM":true,"slowMo":0,"timeout":30000,"tracesDir":"C:\\Users\\JussiJokinen_k5ltbdd\\book_store\\pabot_results\\3\\browser\\traces\\temp\\d7a5da93-f5c1-45ed-8a70-ff0cf409c1bf"}</msg>
<arg>chromium</arg>
<arg>headless=False</arg>
<tag>BrowserControl</tag>
<tag>Setter</tag>
<doc>Create a new playwright Browser with specified options.</doc>
<status status="PASS" start="2025-10-09T09:40:47.640623" elapsed="6.289700"/>
</kw>
<kw name="New Page" owner="Browser">
<msg time="2025-10-09T09:40:58.575690" level="INFO">Successfully initialized new page object and opened url: https://practice.automationtesting.in/</msg>
<msg time="2025-10-09T09:40:58.575873" level="INFO">No context was open. New context was automatically opened when this page is created.</msg>
<arg>${URL}</arg>
<tag>BrowserControl</tag>
<tag>Setter</tag>
<doc>Open a new Page.</doc>
<status status="PASS" start="2025-10-09T09:40:53.930639" elapsed="4.646113"/>
</kw>
<kw name="Click" owner="Browser">
<msg time="2025-10-09T09:40:58.583290" level="INFO">Clicks the element '//button[@aria-label='Do not consent']'.</msg>
<arg>${LOGIN_CONSENT_NO}</arg>
<tag>PageContent</tag>
<tag>Setter</tag>
<doc>Simulates mouse click on the element found by ``selector``.</doc>
<status status="PASS" start="2025-10-09T09:40:58.577729" elapsed="0.658426"/>
</kw>
<status status="PASS" start="2025-10-09T09:40:47.639768" elapsed="11.596616"/>
</kw>
<kw name="Login With Valid Credentials" owner="common_keywords">
<kw name="Click" owner="Browser">
<msg time="2025-10-09T09:40:59.239174" level="INFO">Clicks the element '//a[normalize-space()='My Account']'.</msg>
<arg>${MY_ACCOUNT}</arg>
<tag>PageContent</tag>
<tag>Setter</tag>
<doc>Simulates mouse click on the element found by ``selector``.</doc>
<status status="PASS" start="2025-10-09T09:40:59.237954" elapsed="0.728604"/>
</kw>
<kw name="Type Text" owner="Browser">
<msg time="2025-10-09T09:40:59.968105" level="INFO">Types the text 'testaaja@test.com' in the given field.</msg>
<arg>${LOGIN_USERNAME}</arg>
<arg>${USERNAME}</arg>
<tag>PageContent</tag>
<tag>Setter</tag>
<doc>Types the given ``txt`` into the text field found by ``selector``.</doc>
<status status="PASS" start="2025-10-09T09:40:59.966884" elapsed="1.075262"/>
</kw>
<kw name="Type Text" owner="Browser">
<msg time="2025-10-09T09:41:01.044174" level="INFO">Types the text 'Testaaja123*' in the given field.</msg>
<arg>${LOGIN_PASSWORD}</arg>
<arg>${PASSWORD}</arg>
<tag>PageContent</tag>
<tag>Setter</tag>
<doc>Types the given ``txt`` into the text field found by ``selector``.</doc>
<status status="PASS" start="2025-10-09T09:41:01.042576" elapsed="0.254463"/>
</kw>
<kw name="Click" owner="Browser">
<msg time="2025-10-09T09:41:01.299139" level="INFO">Clicks the element '//input[@name='login']'.</msg>
<arg>${LOGIN_BUTTON}</arg>
<tag>PageContent</tag>
<tag>Setter</tag>
<doc>Simulates mouse click on the element found by ``selector``.</doc>
<status status="PASS" start="2025-10-09T09:41:01.297839" elapsed="1.243465"/>
</kw>
<kw name="Wait For Elements State" owner="Browser">
<msg time="2025-10-09T09:41:02.925050" level="INFO">Waited for Element with selector //a[normalize-space()='Logout'] at state visible</msg>
<arg>${LOGOUT_BUTTON}</arg>
<tag>PageContent</tag>
<tag>Wait</tag>
<doc>Waits for the element found by ``selector`` to satisfy state option.</doc>
<status status="PASS" start="2025-10-09T09:41:02.541651" elapsed="0.383660"/>
</kw>
<arg>${USERNAME}</arg>
<arg>${PASSWORD}</arg>
<status status="PASS" start="2025-10-09T09:40:59.236756" elapsed="3.688779"/>
</kw>
<kw name="Close Browser" owner="Browser" type="TEARDOWN">
<msg time="2025-10-09T09:41:05.105305" level="INFO">Closed browser</msg>
<tag>BrowserControl</tag>
<tag>Setter</tag>
<doc>Closes the current browser.</doc>
<status status="PASS" start="2025-10-09T09:41:02.925975" elapsed="2.179656"/>
</kw>
<doc>Tests logging in with valid credentials</doc>
<status status="PASS" start="2025-10-09T09:40:47.638840" elapsed="17.466999"/>
</test>
<test id="s1-s1-t2" name="Login Test with Invalid Credentials" line="13">
<kw name="Open New Browser" owner="common_keywords" type="SETUP">
<kw name="New Browser" owner="Browser">
<msg time="2025-10-09T09:41:05.136708" level="INFO">{"browser": "chromium", "headless": false, "chromiumSandbox": false, "devtools": false, "handleSIGHUP": true, "handleSIGINT": true, "handleSIGTERM": true, "slowMo": 0.0, "timeout": 30000.0, "tracesDir": "C:\\Users\\JussiJokinen_k5ltbdd\\book_store\\pabot_results\\3\\browser\\traces\\temp\\6c2c5a71-b455-4a2d-9c5b-98d5f50d6445"}</msg>
<msg time="2025-10-09T09:41:06.678020" level="INFO">Successfully created browser with options: {"browser":"chromium","headless":false,"chromiumSandbox":false,"devtools":false,"handleSIGHUP":true,"handleSIGINT":true,"handleSIGTERM":true,"slowMo":0,"timeout":30000,"tracesDir":"C:\\Users\\JussiJokinen_k5ltbdd\\book_store\\pabot_results\\3\\browser\\traces\\temp\\6c2c5a71-b455-4a2d-9c5b-98d5f50d6445"}</msg>
<arg>chromium</arg>
<arg>headless=False</arg>
<tag>BrowserControl</tag>
<tag>Setter</tag>
<doc>Create a new playwright Browser with specified options.</doc>
<status status="PASS" start="2025-10-09T09:41:05.134760" elapsed="1.543965"/>
</kw>
<kw name="New Page" owner="Browser">
<msg time="2025-10-09T09:41:11.553407" level="INFO">Successfully initialized new page object and opened url: https://practice.automationtesting.in/</msg>
<msg time="2025-10-09T09:41:11.553650" level="INFO">No context was open. New context was automatically opened when this page is created.</msg>
<arg>${URL}</arg>
<tag>BrowserControl</tag>
<tag>Setter</tag>
<doc>Open a new Page.</doc>
<status status="PASS" start="2025-10-09T09:41:06.679237" elapsed="4.874784"/>
</kw>
<kw name="Click" owner="Browser">
<msg time="2025-10-09T09:41:11.556034" level="INFO">Clicks the element '//button[@aria-label='Do not consent']'.</msg>
<arg>${LOGIN_CONSENT_NO}</arg>
<tag>PageContent</tag>
<tag>Setter</tag>
<doc>Simulates mouse click on the element found by ``selector``.</doc>
<status status="PASS" start="2025-10-09T09:41:11.554358" elapsed="0.302121"/>
</kw>
<status status="PASS" start="2025-10-09T09:41:05.133544" elapsed="6.723166"/>
</kw>
<kw name="Login With Invalid Credentials" owner="common_keywords">
<kw name="Click" owner="Browser">
<msg time="2025-10-09T09:41:11.859257" level="INFO">Clicks the element '//a[normalize-space()='My Account']'.</msg>
<arg>${MY_ACCOUNT}</arg>
<tag>PageContent</tag>
<tag>Setter</tag>
<doc>Simulates mouse click on the element found by ``selector``.</doc>
<status status="PASS" start="2025-10-09T09:41:11.858089" elapsed="0.671136"/>
</kw>
<kw name="Type Text" owner="Browser">
<msg time="2025-10-09T09:41:12.530990" level="INFO">Types the text 'invalid_user' in the given field.</msg>
<arg>${LOGIN_USERNAME}</arg>
<arg>${USERNAME}</arg>
<tag>PageContent</tag>
<tag>Setter</tag>
<doc>Types the given ``txt`` into the text field found by ``selector``.</doc>
<status status="PASS" start="2025-10-09T09:41:12.529586" elapsed="0.249760"/>
</kw>
<kw name="Type Text" owner="Browser">
<msg time="2025-10-09T09:41:12.781155" level="INFO">Types the text 'invalid_pass' in the given field.</msg>
<arg>${LOGIN_PASSWORD}</arg>
<arg>${PASSWORD}</arg>
<tag>PageContent</tag>
<tag>Setter</tag>
<doc>Types the given ``txt`` into the text field found by ``selector``.</doc>
<status status="PASS" start="2025-10-09T09:41:12.779698" elapsed="0.357916"/>
</kw>
<kw name="Click" owner="Browser">
<msg time="2025-10-09T09:41:13.139270" level="INFO">Clicks the element '//input[@name='login']'.</msg>
<arg>${LOGIN_BUTTON}</arg>
<tag>PageContent</tag>
<tag>Setter</tag>
<doc>Simulates mouse click on the element found by ``selector``.</doc>
<status status="PASS" start="2025-10-09T09:41:13.137951" elapsed="0.466137"/>
</kw>
<kw name="Wait For Elements State" owner="Browser">
<msg time="2025-10-09T09:41:13.940198" level="INFO">Waited for Element with selector //ul[@class='woocommerce-error'] at state visible</msg>
<arg>${LOGIN_ERROR}</arg>
<tag>PageContent</tag>
<tag>Wait</tag>
<doc>Waits for the element found by ``selector`` to satisfy state option.</doc>
<status status="PASS" start="2025-10-09T09:41:13.604495" elapsed="0.335967"/>
</kw>
<arg>invalid_user</arg>
<arg>invalid_pass</arg>
<status status="PASS" start="2025-10-09T09:41:11.857088" elapsed="2.083597"/>
</kw>
<kw name="Close Browser" owner="Browser" type="TEARDOWN">
<msg time="2025-10-09T09:41:14.543798" level="INFO">Closed browser</msg>
<tag>BrowserControl</tag>
<tag>Setter</tag>
<doc>Closes the current browser.</doc>
<status status="PASS" start="2025-10-09T09:41:13.941135" elapsed="0.602926"/>
</kw>
<doc>Tests logging in with invalid credentials</doc>
<status status="PASS" start="2025-10-09T09:41:05.125769" elapsed="9.418469"/>
</test>
<test id="s1-s1-t3" name="Login Test with Empty Credentials" line="17">
<kw name="Open New Browser" owner="common_keywords" type="SETUP">
<kw name="New Browser" owner="Browser">
<msg time="2025-10-09T09:41:14.560151" level="INFO">{"browser": "chromium", "headless": false, "chromiumSandbox": false, "devtools": false, "handleSIGHUP": true, "handleSIGINT": true, "handleSIGTERM": true, "slowMo": 0.0, "timeout": 30000.0, "tracesDir": "C:\\Users\\JussiJokinen_k5ltbdd\\book_store\\pabot_results\\3\\browser\\traces\\temp\\1b87f029-374c-4378-9d37-3f9c5e4fcacc"}</msg>
<msg time="2025-10-09T09:41:14.891069" level="INFO">Successfully created browser with options: {"browser":"chromium","headless":false,"chromiumSandbox":false,"devtools":false,"handleSIGHUP":true,"handleSIGINT":true,"handleSIGTERM":true,"slowMo":0,"timeout":30000,"tracesDir":"C:\\Users\\JussiJokinen_k5ltbdd\\book_store\\pabot_results\\3\\browser\\traces\\temp\\1b87f029-374c-4378-9d37-3f9c5e4fcacc"}</msg>
<arg>chromium</arg>
<arg>headless=False</arg>
<tag>BrowserControl</tag>
<tag>Setter</tag>
<doc>Create a new playwright Browser with specified options.</doc>
<status status="PASS" start="2025-10-09T09:41:14.558846" elapsed="0.332542"/>
</kw>
<kw name="New Page" owner="Browser">
<msg time="2025-10-09T09:41:18.245900" level="INFO">Successfully initialized new page object and opened url: https://practice.automationtesting.in/</msg>
<msg time="2025-10-09T09:41:18.246020" level="INFO">No context was open. New context was automatically opened when this page is created.</msg>
<arg>${URL}</arg>
<tag>BrowserControl</tag>
<tag>Setter</tag>
<doc>Open a new Page.</doc>
<status status="PASS" start="2025-10-09T09:41:14.891725" elapsed="3.354492"/>
</kw>
<kw name="Click" owner="Browser">
<msg time="2025-10-09T09:41:18.248089" level="INFO">Clicks the element '//button[@aria-label='Do not consent']'.</msg>
<arg>${LOGIN_CONSENT_NO}</arg>
<tag>PageContent</tag>
<tag>Setter</tag>
<doc>Simulates mouse click on the element found by ``selector``.</doc>
<status status="PASS" start="2025-10-09T09:41:18.246488" elapsed="0.325477"/>
</kw>
<status status="PASS" start="2025-10-09T09:41:14.558019" elapsed="4.014302"/>
</kw>
<kw name="Login With Invalid Credentials" owner="common_keywords">
<kw name="Click" owner="Browser">
<msg time="2025-10-09T09:41:18.577098" level="INFO">Clicks the element '//a[normalize-space()='My Account']'.</msg>
<arg>${MY_ACCOUNT}</arg>
<tag>PageContent</tag>
<tag>Setter</tag>
<doc>Simulates mouse click on the element found by ``selector``.</doc>
<status status="PASS" start="2025-10-09T09:41:18.575737" elapsed="0.536579"/>
</kw>
<kw name="Type Text" owner="Browser">
<msg time="2025-10-09T09:41:19.113794" level="INFO">Types the text '' in the given field.</msg>
<arg>${LOGIN_USERNAME}</arg>
<arg>${USERNAME}</arg>
<tag>PageContent</tag>
<tag>Setter</tag>
<doc>Types the given ``txt`` into the text field found by ``selector``.</doc>
<status status="PASS" start="2025-10-09T09:41:19.112620" elapsed="0.414195"/>
</kw>
<kw name="Type Text" owner="Browser">
<msg time="2025-10-09T09:41:19.528822" level="INFO">Types the text '' in the given field.</msg>
<arg>${LOGIN_PASSWORD}</arg>
<arg>${PASSWORD}</arg>
<tag>PageContent</tag>
<tag>Setter</tag>
<doc>Types the given ``txt`` into the text field found by ``selector``.</doc>
<status status="PASS" start="2025-10-09T09:41:19.527173" elapsed="0.055896"/>
</kw>
<kw name="Click" owner="Browser">
<msg time="2025-10-09T09:41:19.585144" level="INFO">Clicks the element '//input[@name='login']'.</msg>
<arg>${LOGIN_BUTTON}</arg>
<tag>PageContent</tag>
<tag>Setter</tag>
<doc>Simulates mouse click on the element found by ``selector``.</doc>
<status status="PASS" start="2025-10-09T09:41:19.583422" elapsed="0.483677"/>
</kw>
<kw name="Wait For Elements State" owner="Browser">
<msg time="2025-10-09T09:41:20.248248" level="INFO">Waited for Element with selector //ul[@class='woocommerce-error'] at state visible</msg>
<arg>${LOGIN_ERROR}</arg>
<tag>PageContent</tag>
<tag>Wait</tag>
<doc>Waits for the element found by ``selector`` to satisfy state option.</doc>
<status status="PASS" start="2025-10-09T09:41:20.067546" elapsed="0.182388"/>
</kw>
<arg>${EMPTY}</arg>
<arg>${EMPTY}</arg>
<status status="PASS" start="2025-10-09T09:41:18.572713" elapsed="1.677549"/>
</kw>
<kw name="Close Browser" owner="Browser" type="TEARDOWN">
<msg time="2025-10-09T09:41:21.362701" level="INFO">Closed browser</msg>
<tag>BrowserControl</tag>
<tag>Setter</tag>
<doc>Closes the current browser.</doc>
<status status="PASS" start="2025-10-09T09:41:20.250777" elapsed="1.112300"/>
</kw>
<doc>Tests logging in with empty credentials</doc>
<status status="PASS" start="2025-10-09T09:41:14.553701" elapsed="6.809598"/>
</test>
<test id="s1-s1-t4" name="Login Test with Valid Username and Empty Password" line="21">
<kw name="Open New Browser" owner="common_keywords" type="SETUP">
<kw name="New Browser" owner="Browser">
<msg time="2025-10-09T09:41:21.383590" level="INFO">{"browser": "chromium", "headless": false, "chromiumSandbox": false, "devtools": false, "handleSIGHUP": true, "handleSIGINT": true, "handleSIGTERM": true, "slowMo": 0.0, "timeout": 30000.0, "tracesDir": "C:\\Users\\JussiJokinen_k5ltbdd\\book_store\\pabot_results\\3\\browser\\traces\\temp\\35153301-e7d3-429d-aa7a-139d0d719a99"}</msg>
<msg time="2025-10-09T09:41:22.636476" level="INFO">Successfully created browser with options: {"browser":"chromium","headless":false,"chromiumSandbox":false,"devtools":false,"handleSIGHUP":true,"handleSIGINT":true,"handleSIGTERM":true,"slowMo":0,"timeout":30000,"tracesDir":"C:\\Users\\JussiJokinen_k5ltbdd\\book_store\\pabot_results\\3\\browser\\traces\\temp\\35153301-e7d3-429d-aa7a-139d0d719a99"}</msg>
<arg>chromium</arg>
<arg>headless=False</arg>
<tag>BrowserControl</tag>
<tag>Setter</tag>
<doc>Create a new playwright Browser with specified options.</doc>
<status status="PASS" start="2025-10-09T09:41:21.381205" elapsed="1.255610"/>
</kw>
<kw name="New Page" owner="Browser">
<msg time="2025-10-09T09:41:27.882061" level="INFO">Successfully initialized new page object and opened url: https://practice.automationtesting.in/</msg>
<msg time="2025-10-09T09:41:27.882461" level="INFO">No context was open. New context was automatically opened when this page is created.</msg>
<arg>${URL}</arg>
<tag>BrowserControl</tag>
<tag>Setter</tag>
<doc>Open a new Page.</doc>
<status status="PASS" start="2025-10-09T09:41:22.637206" elapsed="5.245565"/>
</kw>
<kw name="Click" owner="Browser">
<msg time="2025-10-09T09:41:27.884801" level="INFO">Clicks the element '//button[@aria-label='Do not consent']'.</msg>
<arg>${LOGIN_CONSENT_NO}</arg>
<tag>PageContent</tag>
<tag>Setter</tag>
<doc>Simulates mouse click on the element found by ``selector``.</doc>
<status status="PASS" start="2025-10-09T09:41:27.883125" elapsed="0.284628"/>
</kw>
<status status="PASS" start="2025-10-09T09:41:21.380134" elapsed="6.787867"/>
</kw>
<kw name="Login With Invalid Credentials" owner="common_keywords">
<kw name="Click" owner="Browser">
<msg time="2025-10-09T09:41:28.171938" level="INFO">Clicks the element '//a[normalize-space()='My Account']'.</msg>
<arg>${MY_ACCOUNT}</arg>
<tag>PageContent</tag>
<tag>Setter</tag>
<doc>Simulates mouse click on the element found by ``selector``.</doc>
<status status="PASS" start="2025-10-09T09:41:28.170455" elapsed="0.495241"/>
</kw>
<kw name="Type Text" owner="Browser">
<msg time="2025-10-09T09:41:28.667683" level="INFO">Types the text 'testaaja@test.com' in the given field.</msg>
<arg>${LOGIN_USERNAME}</arg>
<arg>${USERNAME}</arg>
<tag>PageContent</tag>
<tag>Setter</tag>
<doc>Types the given ``txt`` into the text field found by ``selector``.</doc>
<status status="PASS" start="2025-10-09T09:41:28.666024" elapsed="0.296855"/>
</kw>
<kw name="Type Text" owner="Browser">
<msg time="2025-10-09T09:41:28.964691" level="INFO">Types the text '' in the given field.</msg>
<arg>${LOGIN_PASSWORD}</arg>
<arg>${PASSWORD}</arg>
<tag>PageContent</tag>
<tag>Setter</tag>
<doc>Types the given ``txt`` into the text field found by ``selector``.</doc>
<status status="PASS" start="2025-10-09T09:41:28.963239" elapsed="0.135144"/>
</kw>
<kw name="Click" owner="Browser">
<msg time="2025-10-09T09:41:29.099836" level="INFO">Clicks the element '//input[@name='login']'.</msg>
<arg>${LOGIN_BUTTON}</arg>
<tag>PageContent</tag>
<tag>Setter</tag>
<doc>Simulates mouse click on the element found by ``selector``.</doc>
<status status="PASS" start="2025-10-09T09:41:29.098710" elapsed="0.453600"/>
</kw>
<kw name="Wait For Elements State" owner="Browser">
<msg time="2025-10-09T09:41:29.712427" level="INFO">Waited for Element with selector //ul[@class='woocommerce-error'] at state visible</msg>
<arg>${LOGIN_ERROR}</arg>
<tag>PageContent</tag>
<tag>Wait</tag>
<doc>Waits for the element found by ``selector`` to satisfy state option.</doc>
<status status="PASS" start="2025-10-09T09:41:29.552710" elapsed="0.160020"/>
</kw>
<arg>${USERNAME}</arg>
<arg>${EMPTY}</arg>
<status status="PASS" start="2025-10-09T09:41:28.168368" elapsed="1.544593"/>
</kw>
<kw name="Close Browser" owner="Browser" type="TEARDOWN">
<msg time="2025-10-09T09:41:30.369670" level="INFO">Closed browser</msg>
<tag>BrowserControl</tag>
<tag>Setter</tag>
<doc>Closes the current browser.</doc>
<status status="PASS" start="2025-10-09T09:41:29.713403" elapsed="0.656509"/>
</kw>
<doc>Tests logging in with valid username and empty password</doc>
<status status="PASS" start="2025-10-09T09:41:21.375449" elapsed="8.994618"/>
</test>
<test id="s1-s1-t5" name="Login Test with Empty Username and Valid Password" line="25">
<kw name="Open New Browser" owner="common_keywords" type="SETUP">
<kw name="New Browser" owner="Browser">
<msg time="2025-10-09T09:41:30.383224" level="INFO">{"browser": "chromium", "headless": false, "chromiumSandbox": false, "devtools": false, "handleSIGHUP": true, "handleSIGINT": true, "handleSIGTERM": true, "slowMo": 0.0, "timeout": 30000.0, "tracesDir": "C:\\Users\\JussiJokinen_k5ltbdd\\book_store\\pabot_results\\3\\browser\\traces\\temp\\0a6f9e19-f28e-432c-99cb-8a5dde0b46e9"}</msg>
<msg time="2025-10-09T09:41:30.658444" level="INFO">Successfully created browser with options: {"browser":"chromium","headless":false,"chromiumSandbox":false,"devtools":false,"handleSIGHUP":true,"handleSIGINT":true,"handleSIGTERM":true,"slowMo":0,"timeout":30000,"tracesDir":"C:\\Users\\JussiJokinen_k5ltbdd\\book_store\\pabot_results\\3\\browser\\traces\\temp\\0a6f9e19-f28e-432c-99cb-8a5dde0b46e9"}</msg>
<arg>chromium</arg>
<arg>headless=False</arg>
<tag>BrowserControl</tag>
<tag>Setter</tag>
<doc>Create a new playwright Browser with specified options.</doc>
<status status="PASS" start="2025-10-09T09:41:30.382040" elapsed="0.276755"/>
</kw>
<kw name="New Page" owner="Browser">
<msg time="2025-10-09T09:41:34.273416" level="INFO">Successfully initialized new page object and opened url: https://practice.automationtesting.in/</msg>
<msg time="2025-10-09T09:41:34.273709" level="INFO">No context was open. New context was automatically opened when this page is created.</msg>
<arg>${URL}</arg>
<tag>BrowserControl</tag>
<tag>Setter</tag>
<doc>Open a new Page.</doc>
<status status="PASS" start="2025-10-09T09:41:30.659336" elapsed="3.614831"/>
</kw>
<kw name="Click" owner="Browser">
<msg time="2025-10-09T09:41:34.275670" level="INFO">Clicks the element '//button[@aria-label='Do not consent']'.</msg>
<arg>${LOGIN_CONSENT_NO}</arg>
<tag>PageContent</tag>
<tag>Setter</tag>
<doc>Simulates mouse click on the element found by ``selector``.</doc>
<status status="PASS" start="2025-10-09T09:41:34.274488" elapsed="0.203282"/>
</kw>
<status status="PASS" start="2025-10-09T09:41:30.381068" elapsed="4.097035"/>
</kw>
<kw name="Login With Invalid Credentials" owner="common_keywords">
<kw name="Click" owner="Browser">
<msg time="2025-10-09T09:41:34.481321" level="INFO">Clicks the element '//a[normalize-space()='My Account']'.</msg>
<arg>${MY_ACCOUNT}</arg>
<tag>PageContent</tag>
<tag>Setter</tag>
<doc>Simulates mouse click on the element found by ``selector``.</doc>
<status status="PASS" start="2025-10-09T09:41:34.480161" elapsed="0.609916"/>
</kw>
<kw name="Type Text" owner="Browser">
<msg time="2025-10-09T09:41:35.091213" level="INFO">Types the text '' in the given field.</msg>
<arg>${LOGIN_USERNAME}</arg>
<arg>${USERNAME}</arg>
<tag>PageContent</tag>
<tag>Setter</tag>
<doc>Types the given ``txt`` into the text field found by ``selector``.</doc>
<status status="PASS" start="2025-10-09T09:41:35.090325" elapsed="0.252489"/>
</kw>
<kw name="Type Text" owner="Browser">
<msg time="2025-10-09T09:41:35.344307" level="INFO">Types the text 'Testaaja123*' in the given field.</msg>
<arg>${LOGIN_PASSWORD}</arg>
<arg>${PASSWORD}</arg>
<tag>PageContent</tag>
<tag>Setter</tag>
<doc>Types the given ``txt`` into the text field found by ``selector``.</doc>
<status status="PASS" start="2025-10-09T09:41:35.343049" elapsed="0.100462"/>
</kw>
<kw name="Click" owner="Browser">
<msg time="2025-10-09T09:41:35.445409" level="INFO">Clicks the element '//input[@name='login']'.</msg>
<arg>${LOGIN_BUTTON}</arg>
<tag>PageContent</tag>
<tag>Setter</tag>
<doc>Simulates mouse click on the element found by ``selector``.</doc>
<status status="PASS" start="2025-10-09T09:41:35.443832" elapsed="0.498881"/>
</kw>
<kw name="Wait For Elements State" owner="Browser">
<msg time="2025-10-09T09:41:36.052906" level="INFO">Waited for Element with selector //ul[@class='woocommerce-error'] at state visible</msg>
<arg>${LOGIN_ERROR}</arg>
<tag>PageContent</tag>
<tag>Wait</tag>
<doc>Waits for the element found by ``selector`` to satisfy state option.</doc>
<status status="PASS" start="2025-10-09T09:41:35.943127" elapsed="0.110094"/>
</kw>
<arg>${EMPTY}</arg>
<arg>${PASSWORD}</arg>
<status status="PASS" start="2025-10-09T09:41:34.478503" elapsed="1.574991"/>
</kw>
<kw name="Close Browser" owner="Browser" type="TEARDOWN">
<msg time="2025-10-09T09:41:36.490944" level="INFO">Closed browser</msg>
<tag>BrowserControl</tag>
<tag>Setter</tag>
<doc>Closes the current browser.</doc>
<status status="PASS" start="2025-10-09T09:41:36.053853" elapsed="0.437300"/>
</kw>
<doc>Tests logging in with empty username and valid password</doc>
<status status="PASS" start="2025-10-09T09:41:30.376931" elapsed="6.114412"/>
</test>
<status status="PASS" start="2025-10-09T09:40:39.681188" elapsed="56.818142"/>
</suite>
<status status="PASS" start="2025-10-09T09:40:39.669501" elapsed="56.838016"/>
</suite>
<statistics>
<total>
<stat pass="5" fail="0" skip="0">All Tests</stat>
</total>
<tag>
</tag>
<suite>
<stat name="Tests" id="s1" pass="5" fail="0" skip="0">Tests</stat>
<stat name="Login" id="s1-s1" pass="5" fail="0" skip="0">Tests.Login</stat>
</suite>
</statistics>
<errors>
</errors>
</robot>
