<?xml version="1.0" encoding="UTF-8"?>
<robot generator="Robot 7.3.2 (Python 3.13.7 on win32)" generated="2025-10-09T09:40:39.672181" rpa="false" schemaversion="5">
<suite id="s1" name="Tests" source="C:\Users\JussiJokinen_k5ltbdd\book_store\tests">
<suite id="s1-s1" name="Discount Coupon" source="C:\Users\JussiJokinen_k5ltbdd\book_store\tests\discount_coupon.robot">
<kw name="Open New Browser" owner="common_keywords" type="SETUP">
<kw name="New Browser" owner="Browser">
<msg time="2025-10-09T09:40:47.640660" level="INFO">{"browser": "chromium", "headless": false, "chromiumSandbox": false, "devtools": false, "handleSIGHUP": true, "handleSIGINT": true, "handleSIGTERM": true, "slowMo": 0.0, "timeout": 30000.0, "tracesDir": "C:\\Users\\JussiJokinen_k5ltbdd\\book_store\\pabot_results\\1\\browser\\traces\\temp\\0531790d-353e-4959-89f7-8c34d6522166"}</msg>
<msg time="2025-10-09T09:40:49.141093" level="INFO">Starting Browser process C:\Users\JussiJokinen_k5ltbdd\book_store\venv\Lib\site-packages\Browser\wrapper\index.js using at 127.0.0.1:60257</msg>
<msg time="2025-10-09T09:40:53.931335" level="INFO">Successfully created browser with options: {"browser":"chromium","headless":false,"chromiumSandbox":false,"devtools":false,"handleSIGHUP":true,"handleSIGINT":true,"handleSIGTERM":true,"slowMo":0,"timeout":30000,"tracesDir":"C:\\Users\\JussiJokinen_k5ltbdd\\book_store\\pabot_results\\1\\browser\\traces\\temp\\0531790d-353e-4959-89f7-8c34d6522166"}</msg>
<arg>chromium</arg>
<arg>headless=False</arg>
<tag>BrowserControl</tag>
<tag>Setter</tag>
<doc>Create a new playwright Browser with specified options.</doc>
<status status="PASS" start="2025-10-09T09:40:47.639684" elapsed="6.291898"/>
</kw>
<kw name="New Page" owner="Browser">
<msg time="2025-10-09T09:40:59.068490" level="INFO">Successfully initialized new page object and opened url: https://practice.automationtesting.in/</msg>
<msg time="2025-10-09T09:40:59.068616" level="INFO">No context was open. New context was automatically opened when this page is created.</msg>
<arg>${URL}</arg>
<tag>BrowserControl</tag>
<tag>Setter</tag>
<doc>Open a new Page.</doc>
<status status="PASS" start="2025-10-09T09:40:53.932013" elapsed="5.136842"/>
</kw>
<kw name="Click" owner="Browser">
<msg time="2025-10-09T09:40:59.070536" level="INFO">Clicks the element '//button[@aria-label='Do not consent']'.</msg>
<arg>${LOGIN_CONSENT_NO}</arg>
<tag>PageContent</tag>
<tag>Setter</tag>
<doc>Simulates mouse click on the element found by ``selector``.</doc>
<status status="PASS" start="2025-10-09T09:40:59.069151" elapsed="0.506239"/>
</kw>
<status status="PASS" start="2025-10-09T09:40:47.638773" elapsed="11.936807"/>
</kw>
<test id="s1-s1-t1" name="Use Discount Coupon During Purchase" line="11">
<kw name="Register New User Using Valid Credentials" owner="common_keywords">
<kw name="Get Register Data" owner="CustomLibrary">
<msg time="2025-10-09T09:41:00.329808" level="INFO">&amp;{register_data} = { email=anna75@example.org | password=HxZUp7zZEk) }</msg>
<var>&amp;{register_data}</var>
<doc>Returns random register data</doc>
<status status="PASS" start="2025-10-09T09:40:59.607304" elapsed="0.722682"/>
</kw>
<kw name="Click" owner="Browser">
<msg time="2025-10-09T09:41:00.331652" level="INFO">Clicks the element '//a[normalize-space()='My Account']'.</msg>
<arg>${MY_ACCOUNT}</arg>
<tag>PageContent</tag>
<tag>Setter</tag>
<doc>Simulates mouse click on the element found by ``selector``.</doc>
<status status="PASS" start="2025-10-09T09:41:00.330278" elapsed="0.618020"/>
</kw>
<kw name="Type Text" owner="Browser">
<msg time="2025-10-09T09:41:00.951239" level="INFO">Types the text 'anna75@example.org' in the given field.</msg>
<arg>${REGISTER_USERNAME}</arg>
<arg>${register_data['email']}</arg>
<tag>PageContent</tag>
<tag>Setter</tag>
<doc>Types the given ``txt`` into the text field found by ``selector``.</doc>
<status status="PASS" start="2025-10-09T09:41:00.948954" elapsed="0.726950"/>
</kw>
<kw name="Type Text" owner="Browser">
<msg time="2025-10-09T09:41:01.679187" level="INFO">Types the text 'HxZUp7zZEk)' in the given field.</msg>
<arg>${REGISTER_PASSWORD}</arg>
<arg>${register_data['password']}</arg>
<tag>PageContent</tag>
<tag>Setter</tag>
<doc>Types the given ``txt`` into the text field found by ``selector``.</doc>
<status status="PASS" start="2025-10-09T09:41:01.676484" elapsed="0.141436"/>
</kw>
<kw name="Sleep" owner="BuiltIn">
<msg time="2025-10-09T09:41:02.819473" level="INFO">Slept 1 second.</msg>
<arg>1s</arg>
<doc>Pauses the test executed for the given time.</doc>
<status status="PASS" start="2025-10-09T09:41:01.818198" elapsed="1.001447"/>
</kw>
<kw name="Click" owner="Browser">
<msg time="2025-10-09T09:41:02.820799" level="INFO">Clicks the element '//*[@id="customer_login"]/div[2]/form/p[3]'.</msg>
<arg>${REGISTER_FORM}</arg>
<tag>PageContent</tag>
<tag>Setter</tag>
<doc>Simulates mouse click on the element found by ``selector``.</doc>
<status status="PASS" start="2025-10-09T09:41:02.819899" elapsed="0.155449"/>
</kw>
<kw name="Wait For Elements State" owner="Browser">
<msg time="2025-10-09T09:41:02.986822" level="INFO">Waited for Element with selector //input[@name='register'] at state visible</msg>
<arg>${REGISTER_BUTTON}</arg>
<tag>PageContent</tag>
<tag>Wait</tag>
<doc>Waits for the element found by ``selector`` to satisfy state option.</doc>
<status status="PASS" start="2025-10-09T09:41:02.975698" elapsed="0.011316"/>
</kw>
<kw name="Click" owner="Browser">
<msg time="2025-10-09T09:41:02.988444" level="INFO">Clicks the element '//input[@name='register']'.</msg>
<arg>${REGISTER_BUTTON}</arg>
<tag>PageContent</tag>
<tag>Setter</tag>
<doc>Simulates mouse click on the element found by ``selector``.</doc>
<status status="PASS" start="2025-10-09T09:41:02.987242" elapsed="0.983530"/>
</kw>
<kw name="Wait For Elements State" owner="Browser">
<msg time="2025-10-09T09:41:04.591798" level="INFO">Waited for Element with selector //a[normalize-space()='Logout'] at state visible</msg>
<arg>${LOGOUT_BUTTON}</arg>
<tag>PageContent</tag>
<tag>Wait</tag>
<doc>Waits for the element found by ``selector`` to satisfy state option.</doc>
<status status="PASS" start="2025-10-09T09:41:03.971307" elapsed="0.620777"/>
</kw>
<status status="PASS" start="2025-10-09T09:40:59.606670" elapsed="4.985713"/>
</kw>
<kw name="Click" owner="Browser">
<msg time="2025-10-09T09:41:04.594530" level="INFO">Clicks the element '//a[normalize-space()='Shop']'.</msg>
<arg>${SHOP}</arg>
<tag>PageContent</tag>
<tag>Setter</tag>
<doc>Simulates mouse click on the element found by ``selector``.</doc>
<status status="PASS" start="2025-10-09T09:41:04.592716" elapsed="0.541753"/>
</kw>
<kw name="Filter Products With Java Category" owner="common_keywords">
<kw name="Click" owner="Browser">
<msg time="2025-10-09T09:41:05.137716" level="INFO">Clicks the element '//a[normalize-space()='Shop']'.</msg>
<arg>${SHOP}</arg>
<tag>PageContent</tag>
<tag>Setter</tag>
<doc>Simulates mouse click on the element found by ``selector``.</doc>
<status status="PASS" start="2025-10-09T09:41:05.136024" elapsed="1.715850"/>
</kw>
<kw name="Click" owner="Browser">
<msg time="2025-10-09T09:41:06.854665" level="INFO">Clicks the element '//a[normalize-space()='JavaScript']'.</msg>
<arg>${PRODUCT_GATEGORY_JAVA}</arg>
<tag>PageContent</tag>
<tag>Setter</tag>
<doc>Simulates mouse click on the element found by ``selector``.</doc>
<status status="PASS" start="2025-10-09T09:41:06.852390" elapsed="0.871204"/>
</kw>
<kw name="Get Text" owner="Browser">
<msg time="2025-10-09T09:41:08.183409" level="INFO">Text: 'Home\xa0/\xa0JavaScript'</msg>
<msg time="2025-10-09T09:41:08.187762" level="INFO">${nav_text} = Home / JavaScript</msg>
<var>${nav_text}</var>
<arg>//*[@id="content"]/nav</arg>
<tag>Assertion</tag>
<tag>Getter</tag>
<tag>PageContent</tag>
<doc>Returns text attribute of the element found by ``selector``.</doc>
<status status="PASS" start="2025-10-09T09:41:07.724029" elapsed="0.463904"/>
</kw>
<kw name="Should Contain" owner="BuiltIn">
<arg>${nav_text}</arg>
<arg>JavaScript</arg>
<doc>Fails if ``container`` does not contain ``item`` one or more times.</doc>
<status status="PASS" start="2025-10-09T09:41:08.188344" elapsed="0.000886"/>
</kw>
<status status="PASS" start="2025-10-09T09:41:05.135096" elapsed="3.054648"/>
</kw>
<kw name="Add Products To Basket" owner="common_keywords">
<kw name="Get Elements" owner="Browser">
<msg time="2025-10-09T09:41:08.229122" level="INFO">Found locator('text=Add to basket').first(),locator('text=Add to basket').nth(1),locator('text=Add to basket').nth(2) Locators successfully.</msg>
<msg time="2025-10-09T09:41:08.229642" level="INFO">${buttons} = ['text=Add to basket &gt;&gt; nth=0', 'text=Add to basket &gt;&gt; nth=1', 'text=Add to basket &gt;&gt; nth=2']</msg>
<var>${buttons}</var>
<arg>text=Add to basket</arg>
<tag>Getter</tag>
<tag>PageContent</tag>
<doc>Returns a reference to Playwright [https://playwright.dev/docs/api/class-locator|Locator]
for all matched elements by ``selector``.</doc>
<status status="PASS" start="2025-10-09T09:41:08.190919" elapsed="0.038822"/>
</kw>
<for flavor="IN">
<iter>
<kw name="Click" owner="Browser">
<msg time="2025-10-09T09:41:08.232011" level="INFO">Clicks the element 'text=Add to basket &gt;&gt; nth=0'.</msg>
<arg>${btn}</arg>
<tag>PageContent</tag>
<tag>Setter</tag>
<doc>Simulates mouse click on the element found by ``selector``.</doc>
<status status="PASS" start="2025-10-09T09:41:08.231137" elapsed="0.097922"/>
</kw>
<var name="${btn}">text=Add to basket &gt;&gt; nth=0</var>
<status status="PASS" start="2025-10-09T09:41:08.230715" elapsed="0.098528"/>
</iter>
<iter>
<kw name="Click" owner="Browser">
<msg time="2025-10-09T09:41:08.331260" level="INFO">Clicks the element 'text=Add to basket &gt;&gt; nth=1'.</msg>
<arg>${btn}</arg>
<tag>PageContent</tag>
<tag>Setter</tag>
<doc>Simulates mouse click on the element found by ``selector``.</doc>
<status status="PASS" start="2025-10-09T09:41:08.330077" elapsed="0.071560"/>
</kw>
<var name="${btn}">text=Add to basket &gt;&gt; nth=1</var>
<status status="PASS" start="2025-10-09T09:41:08.329516" elapsed="0.072427"/>
</iter>
<iter>
<kw name="Click" owner="Browser">
<msg time="2025-10-09T09:41:08.405151" level="INFO">Clicks the element 'text=Add to basket &gt;&gt; nth=2'.</msg>
<arg>${btn}</arg>
<tag>PageContent</tag>
<tag>Setter</tag>
<doc>Simulates mouse click on the element found by ``selector``.</doc>
<status status="PASS" start="2025-10-09T09:41:08.403535" elapsed="0.762943"/>
</kw>
<var name="${btn}">text=Add to basket &gt;&gt; nth=2</var>
<status status="PASS" start="2025-10-09T09:41:08.402815" elapsed="0.763963"/>
</iter>
<var>${btn}</var>
<value>@{buttons}</value>
<status status="PASS" start="2025-10-09T09:41:08.229982" elapsed="0.937042"/>
</for>
<kw name="Click" owner="Browser">
<msg time="2025-10-09T09:41:09.168762" level="INFO">Clicks the element '//a[@title='View your shopping cart']'.</msg>
<arg>${SHOPPING_CART}</arg>
<tag>PageContent</tag>
<tag>Setter</tag>
<doc>Simulates mouse click on the element found by ``selector``.</doc>
<status status="PASS" start="2025-10-09T09:41:09.167425" elapsed="0.599871"/>
</kw>
<status status="PASS" start="2025-10-09T09:41:08.190131" elapsed="1.577450"/>
</kw>
<kw name="Add Discount Coupon And Verify Discount" owner="common_keywords">
<kw name="Type Text" owner="Browser">
<msg time="2025-10-09T09:41:09.770932" level="INFO">Types the text 'krishnasakinala' in the given field.</msg>
<arg>${COUPON_CODE_FIELD}</arg>
<arg>${DISCOUNT_CODE}</arg>
<tag>PageContent</tag>
<tag>Setter</tag>
<doc>Types the given ``txt`` into the text field found by ``selector``.</doc>
<status status="PASS" start="2025-10-09T09:41:09.769315" elapsed="0.198927"/>
</kw>
<kw name="Click" owner="Browser">
<msg time="2025-10-09T09:41:09.970292" level="INFO">Clicks the element '//input[@name='apply_coupon']'.</msg>
<arg>${APPLY_COUPON_BUTTON}</arg>
<tag>PageContent</tag>
<tag>Setter</tag>
<doc>Simulates mouse click on the element found by ``selector``.</doc>
<status status="PASS" start="2025-10-09T09:41:09.968623" elapsed="0.276392"/>
</kw>
<kw name="Wait For Elements State" owner="Browser">
<msg time="2025-10-09T09:41:11.209741" level="INFO">Waited for Element with selector //div[@class='woocommerce-message'] at state visible</msg>
<arg>//div[@class='woocommerce-message']</arg>
<tag>PageContent</tag>
<tag>Wait</tag>
<doc>Waits for the element found by ``selector`` to satisfy state option.</doc>
<status status="PASS" start="2025-10-09T09:41:10.245303" elapsed="0.964675"/>
</kw>
<status status="PASS" start="2025-10-09T09:41:09.767946" elapsed="1.442231"/>
</kw>
<kw name="Click" owner="Browser">
<msg time="2025-10-09T09:41:11.211473" level="INFO">Clicks the element '//a[normalize-space()='Proceed to Checkout']'.</msg>
<arg>${CHECKOUT}</arg>
<tag>PageContent</tag>
<tag>Setter</tag>
<doc>Simulates mouse click on the element found by ``selector``.</doc>
<status status="PASS" start="2025-10-09T09:41:11.210392" elapsed="0.551818"/>
</kw>
<kw name="Add Billing Details" owner="common_keywords">
<kw name="Get Billing Data" owner="CustomLibrary">
<msg time="2025-10-09T09:41:11.770578" level="INFO">&amp;{billing_data} = { first_name=Sanna | last_name=Sjöberg | phone_number=050-274 8866 | country=Finland | street_address=Alatie 0 | city=Helsinki | post_code=41868 | payment_method=Direct Bank Transfer }</msg>
<var>&amp;{billing_data}</var>
<doc>Returns random billing data</doc>
<status status="PASS" start="2025-10-09T09:41:11.763829" elapsed="0.006854"/>
</kw>
<kw name="Type Text" owner="Browser">
<msg time="2025-10-09T09:41:11.773276" level="INFO">Types the text 'Sanna' in the given field.</msg>
<arg>${BILLING_FIRST_NAME}</arg>
<arg>${billing_data['first_name']}</arg>
<tag>PageContent</tag>
<tag>Setter</tag>
<doc>Types the given ``txt`` into the text field found by ``selector``.</doc>
<status status="PASS" start="2025-10-09T09:41:11.770985" elapsed="0.494096"/>
</kw>
<kw name="Type Text" owner="Browser">
<msg time="2025-10-09T09:41:12.268234" level="INFO">Types the text 'Sjöberg' in the given field.</msg>
<arg>${BILLING_LAST_NAME}</arg>
<arg>${billing_data['last_name']}</arg>
<tag>PageContent</tag>
<tag>Setter</tag>
<doc>Types the given ``txt`` into the text field found by ``selector``.</doc>
<status status="PASS" start="2025-10-09T09:41:12.265569" elapsed="0.329816"/>
</kw>
<kw name="Type Text" owner="Browser">
<msg time="2025-10-09T09:41:12.598879" level="INFO">Types the text '050-274 8866' in the given field.</msg>
<arg>${BILLING_PHONE}</arg>
<arg>${billing_data['phone_number']}</arg>
<tag>PageContent</tag>
<tag>Setter</tag>
<doc>Types the given ``txt`` into the text field found by ``selector``.</doc>
<status status="PASS" start="2025-10-09T09:41:12.596325" elapsed="0.407387"/>
</kw>
<kw name="Click" owner="Browser">
<msg time="2025-10-09T09:41:13.006168" level="INFO">Clicks the element '//*[@id="select2-chosen-1"]'.</msg>
<arg>${BILLING_COUNTRY}</arg>
<tag>PageContent</tag>
<tag>Setter</tag>
<doc>Simulates mouse click on the element found by ``selector``.</doc>
<status status="PASS" start="2025-10-09T09:41:13.004217" elapsed="0.209893"/>
</kw>
<kw name="Type Text" owner="Browser">
<msg time="2025-10-09T09:41:13.216421" level="INFO">Types the text 'Finland' in the given field.</msg>
<arg>${BILLING_COUNTRY_SEARCH}</arg>
<arg>${billing_data['country']}</arg>
<tag>PageContent</tag>
<tag>Setter</tag>
<doc>Types the given ``txt`` into the text field found by ``selector``.</doc>
<status status="PASS" start="2025-10-09T09:41:13.214447" elapsed="0.100992"/>
</kw>
<kw name="Press Keys" owner="Browser">
<arg>${BILLING_COUNTRY_SEARCH}</arg>
<arg>Enter</arg>
<tag>PageContent</tag>
<tag>Setter</tag>
<doc>Types the given key combination into element found by ``selector``.</doc>
<status status="PASS" start="2025-10-09T09:41:13.315790" elapsed="0.039319"/>
</kw>
<kw name="Type Text" owner="Browser">
<msg time="2025-10-09T09:41:13.357148" level="INFO">Types the text 'Alatie 0' in the given field.</msg>
<arg>${BILLING_STREET_ADDRESS}</arg>
<arg>${billing_data['street_address']}</arg>
<tag>PageContent</tag>
<tag>Setter</tag>
<doc>Types the given ``txt`` into the text field found by ``selector``.</doc>
<status status="PASS" start="2025-10-09T09:41:13.355419" elapsed="0.063633"/>
</kw>
<kw name="Type Text" owner="Browser">
<msg time="2025-10-09T09:41:13.421788" level="INFO">Types the text 'Helsinki' in the given field.</msg>
<arg>${BILLING_CITY}</arg>
<arg>${billing_data['city']}</arg>
<tag>PageContent</tag>
<tag>Setter</tag>
<doc>Types the given ``txt`` into the text field found by ``selector``.</doc>
<status status="PASS" start="2025-10-09T09:41:13.419807" elapsed="0.076107"/>
</kw>
<kw name="Type Text" owner="Browser">
<msg time="2025-10-09T09:41:13.498224" level="INFO">Types the text '41868' in the given field.</msg>
<arg>${BILLING_POST_CODE}</arg>
<arg>${billing_data['post_code']}</arg>
<tag>PageContent</tag>
<tag>Setter</tag>
<doc>Types the given ``txt`` into the text field found by ``selector``.</doc>
<status status="PASS" start="2025-10-09T09:41:13.496254" elapsed="0.090479"/>
</kw>
<kw name="Click" owner="Browser">
<msg time="2025-10-09T09:41:13.589665" level="INFO">Clicks the element 'css=div#payment &gt;&gt; text=Direct Bank Transfer'.</msg>
<arg>css=div#payment &gt;&gt; text=${billing_data['payment_method']}</arg>
<tag>PageContent</tag>
<tag>Setter</tag>
<doc>Simulates mouse click on the element found by ``selector``.</doc>
<status status="PASS" start="2025-10-09T09:41:13.587146" elapsed="0.081876"/>
</kw>
<doc>Adds billing details on the checkout page from test data</doc>
<status status="PASS" start="2025-10-09T09:41:11.762821" elapsed="1.906509"/>
</kw>
<kw name="Place Order And Verify Order Received" owner="common_keywords">
<kw name="Click" owner="Browser">
<msg time="2025-10-09T09:41:13.672519" level="INFO">Clicks the element '//input[@id='place_order']'.</msg>
<arg>${PLACE_ORDER}</arg>
<tag>PageContent</tag>
<tag>Setter</tag>
<doc>Simulates mouse click on the element found by ``selector``.</doc>
<status status="PASS" start="2025-10-09T09:41:13.671029" elapsed="0.326174"/>
</kw>
<kw name="Wait For Elements State" owner="Browser">
<msg time="2025-10-09T09:41:15.574819" level="INFO">Waited for Element with selector //p[@class='woocommerce-thankyou-order-received'] at state visible</msg>
<arg>${ORDER_RECEIVED}</arg>
<tag>PageContent</tag>
<tag>Wait</tag>
<doc>Waits for the element found by ``selector`` to satisfy state option.</doc>
<status status="PASS" start="2025-10-09T09:41:13.997552" elapsed="1.577645"/>
</kw>
<doc>Places the order and verifies that the order was received</doc>
<status status="PASS" start="2025-10-09T09:41:13.669805" elapsed="1.905741"/>
</kw>
<doc>Tests to use a discount coupon during the purchase process</doc>
<status status="PASS" start="2025-10-09T09:40:59.575699" elapsed="16.000267"/>
</test>
<kw name="Close Browser" owner="Browser" type="TEARDOWN">
<msg time="2025-10-09T09:41:16.212465" level="INFO">Closed browser</msg>
<tag>BrowserControl</tag>
<tag>Setter</tag>
<doc>Closes the current browser.</doc>
<status status="PASS" start="2025-10-09T09:41:15.599835" elapsed="0.612871"/>
</kw>
<status status="PASS" start="2025-10-09T09:40:39.705585" elapsed="36.507277"/>
</suite>
<status status="PASS" start="2025-10-09T09:40:39.689027" elapsed="36.532904"/>
</suite>
<statistics>
<total>
<stat pass="1" fail="0" skip="0">All Tests</stat>
</total>
<tag>
</tag>
<suite>
<stat name="Tests" id="s1" pass="1" fail="0" skip="0">Tests</stat>
<stat name="Discount Coupon" id="s1-s1" pass="1" fail="0" skip="0">Tests.Discount Coupon</stat>
</suite>
</statistics>
<errors>
</errors>
</robot>
