<?xml version="1.0" encoding="UTF-8"?>
<robot generator="Robot 7.3.2 (Python 3.14.0 on win32)" generated="2025-10-28T08:42:12.933745" rpa="false" schemaversion="5">
<suite id="s1" name="Book Store" source="C:\Users\JussiJokinen_k5ltbdd\book_store">
<suite id="s1-s1" name="Tests" source="C:\Users\JussiJokinen_k5ltbdd\book_store\tests">
<suite id="s1-s1-s1" name="Gategories" source="C:\Users\JussiJokinen_k5ltbdd\book_store\tests\gategories.robot">
<kw name="Open New Browser" owner="common_keywords" type="SETUP">
<kw name="New Browser" owner="Browser">
<msg time="2025-10-28T08:42:16.868273" level="INFO">{"browser": "chromium", "headless": true, "chromiumSandbox": false, "devtools": false, "handleSIGHUP": true, "handleSIGINT": true, "handleSIGTERM": true, "slowMo": 0.0, "timeout": 30000.0, "tracesDir": "C:\\Users\\JussiJokinen_k5ltbdd\\book_store\\results\\browser\\traces\\temp\\acbdf127-406a-47f4-bd5b-85a3780a1cb1"}</msg>
<msg time="2025-10-28T08:42:18.720695" level="INFO">Starting Browser process C:\Users\JussiJokinen_k5ltbdd\book_store\venv\Lib\site-packages\Browser\wrapper\index.js using at 127.0.0.1:53878</msg>
<msg time="2025-10-28T08:42:21.553632" level="INFO">Successfully created browser with options: {"browser":"chromium","headless":true,"chromiumSandbox":false,"devtools":false,"handleSIGHUP":true,"handleSIGINT":true,"handleSIGTERM":true,"slowMo":0,"timeout":30000,"tracesDir":"C:\\Users\\JussiJokinen_k5ltbdd\\book_store\\results\\browser\\traces\\temp\\acbdf127-406a-47f4-bd5b-85a3780a1cb1"}</msg>
<arg>chromium</arg>
<arg>headless=True</arg>
<tag>BrowserControl</tag>
<tag>Setter</tag>
<doc>Create a new playwright Browser with specified options.</doc>
<status status="PASS" start="2025-10-28T08:42:16.867532" elapsed="4.686707"/>
</kw>
<kw name="New Page" owner="Browser">
<msg time="2025-10-28T08:42:28.376771" level="INFO">Successfully initialized new page object and opened url: https://practice.automationtesting.in/</msg>
<msg time="2025-10-28T08:42:28.376976" level="INFO">No context was open. New context was automatically opened when this page is created.</msg>
<arg>${URL}</arg>
<tag>BrowserControl</tag>
<tag>Setter</tag>
<doc>Open a new Page.</doc>
<status status="PASS" start="2025-10-28T08:42:21.554651" elapsed="6.822625"/>
</kw>
<kw name="Click" owner="Browser">
<msg time="2025-10-28T08:42:28.378380" level="INFO">Clicks the element '//button[@aria-label='Do not consent']'.</msg>
<arg>${LOGIN_CONSENT_NO}</arg>
<tag>PageContent</tag>
<tag>Setter</tag>
<doc>Simulates mouse click on the element found by ``selector``.</doc>
<status status="PASS" start="2025-10-28T08:42:28.377541" elapsed="0.166042"/>
</kw>
<status status="PASS" start="2025-10-28T08:42:16.866868" elapsed="11.676937"/>
</kw>
<test id="s1-s1-s1-t1" name="Filter Products With Android Category" line="8">
<kw name="Login With Valid Credentials" owner="common_keywords">
<kw name="Click" owner="Browser">
<msg time="2025-10-28T08:42:28.559655" level="INFO">Clicks the element '//a[normalize-space()='My Account']'.</msg>
<arg>${MY_ACCOUNT}</arg>
<tag>PageContent</tag>
<tag>Setter</tag>
<doc>Simulates mouse click on the element found by ``selector``.</doc>
<status status="PASS" start="2025-10-28T08:42:28.559167" elapsed="0.590170"/>
</kw>
<kw name="Type Text" owner="Browser">
<msg time="2025-10-28T08:42:29.150126" level="INFO">Types the text 'testaaja@test.com' in the given field.</msg>
<arg>${LOGIN_USERNAME}</arg>
<arg>${USERNAME}</arg>
<tag>PageContent</tag>
<tag>Setter</tag>
<doc>Types the given ``txt`` into the text field found by ``selector``.</doc>
<status status="PASS" start="2025-10-28T08:42:29.149550" elapsed="0.270330"/>
</kw>
<kw name="Type Text" owner="Browser">
<msg time="2025-10-28T08:42:29.420830" level="INFO">Types the text 'Testaaja123*' in the given field.</msg>
<arg>${LOGIN_PASSWORD}</arg>
<arg>${PASSWORD}</arg>
<tag>PageContent</tag>
<tag>Setter</tag>
<doc>Types the given ``txt`` into the text field found by ``selector``.</doc>
<status status="PASS" start="2025-10-28T08:42:29.420114" elapsed="0.069768"/>
</kw>
<kw name="Click" owner="Browser">
<msg time="2025-10-28T08:42:29.491107" level="INFO">Clicks the element '//input[@name='login']'.</msg>
<arg>${LOGIN_BUTTON}</arg>
<tag>PageContent</tag>
<tag>Setter</tag>
<doc>Simulates mouse click on the element found by ``selector``.</doc>
<status status="PASS" start="2025-10-28T08:42:29.490133" elapsed="0.894957"/>
</kw>
<kw name="Wait For Elements State" owner="Browser">
<msg time="2025-10-28T08:42:30.441197" level="INFO">Waited for Element with selector //a[normalize-space()='Logout'] at state visible</msg>
<arg>${LOGOUT_BUTTON}</arg>
<tag>PageContent</tag>
<tag>Wait</tag>
<doc>Waits for the element found by ``selector`` to satisfy state option.</doc>
<status status="PASS" start="2025-10-28T08:42:30.385429" elapsed="0.056448"/>
</kw>
<arg>${USERNAME}</arg>
<arg>${PASSWORD}</arg>
<status status="PASS" start="2025-10-28T08:42:28.558558" elapsed="1.883612"/>
</kw>
<kw name="Click" owner="Browser">
<msg time="2025-10-28T08:42:30.443609" level="INFO">Clicks the element '//a[normalize-space()='Shop']'.</msg>
<arg>${SHOP}</arg>
<tag>PageContent</tag>
<tag>Setter</tag>
<doc>Simulates mouse click on the element found by ``selector``.</doc>
<status status="PASS" start="2025-10-28T08:42:30.442782" elapsed="0.669765"/>
</kw>
<kw name="Click" owner="Browser">
<msg time="2025-10-28T08:42:31.113611" level="INFO">Clicks the element '//a[normalize-space()='Android']'.</msg>
<arg>${PRODUCT_GATEGORY_ANDROID}</arg>
<tag>PageContent</tag>
<tag>Setter</tag>
<doc>Simulates mouse click on the element found by ``selector``.</doc>
<status status="PASS" start="2025-10-28T08:42:31.113027" elapsed="0.558358"/>
</kw>
<kw name="Get Url" owner="Browser">
<msg time="2025-10-28T08:42:31.674365" level="INFO">${current_url} = https://practice.automationtesting.in/product-category/android/</msg>
<var>${current_url}</var>
<tag>Assertion</tag>
<tag>Getter</tag>
<tag>PageContent</tag>
<doc>Returns the current URL.</doc>
<status status="PASS" start="2025-10-28T08:42:31.671892" elapsed="0.002621"/>
</kw>
<kw name="Should Contain" owner="BuiltIn">
<arg>${current_url}</arg>
<arg>product-category/android/</arg>
<doc>Fails if ``container`` does not contain ``item`` one or more times.</doc>
<status status="PASS" start="2025-10-28T08:42:31.674870" elapsed="0.000368"/>
</kw>
<doc>Tests to filter products with Android category</doc>
<status status="PASS" start="2025-10-28T08:42:28.544052" elapsed="3.131740"/>
</test>
<kw name="Close Browser" owner="Browser" type="TEARDOWN">
<msg time="2025-10-28T08:42:31.911595" level="INFO">Closed browser</msg>
<tag>BrowserControl</tag>
<tag>Setter</tag>
<doc>Closes the current browser.</doc>
<status status="PASS" start="2025-10-28T08:42:31.702269" elapsed="0.210075"/>
</kw>
<status status="PASS" start="2025-10-28T08:42:12.991851" elapsed="18.920898"/>
</suite>
<status status="PASS" start="2025-10-28T08:42:12.988544" elapsed="18.938359"/>
</suite>
<status status="PASS" start="2025-10-28T08:42:12.959395" elapsed="18.972362"/>
</suite>
<statistics>
<total>
<stat pass="1" fail="0" skip="0">All Tests</stat>
</total>
<tag>
</tag>
<suite>
<stat name="Book Store" id="s1" pass="1" fail="0" skip="0">Book Store</stat>
<stat name="Tests" id="s1-s1" pass="1" fail="0" skip="0">Book Store.Tests</stat>
<stat name="Gategories" id="s1-s1-s1" pass="1" fail="0" skip="0">Book Store.Tests.Gategories</stat>
</suite>
</statistics>
<errors>
</errors>
</robot>
