<?xml version="1.0" encoding="UTF-8"?>
<robot generator="Robot 7.3.2 (Python 3.13.7 on win32)" generated="2025-10-02T14:25:36.113953" rpa="false" schemaversion="5">
<suite id="s1" name="Book Store" source="C:\Users\JussiJokinen_k5ltbdd\book_store">
<suite id="s1-s1" name="Tests" source="C:\Users\JussiJokinen_k5ltbdd\book_store\tests">
<suite id="s1-s1-s1" name="Register" source="C:\Users\JussiJokinen_k5ltbdd\book_store\tests\register.robot">
<test id="s1-s1-s1-t1" name="Register New User" line="22">
<kw name="Open New Browser" owner="common_keywords" type="SETUP">
<kw name="New Browser" owner="Browser">
<msg time="2025-10-02T14:25:36.767132" level="INFO">{"browser": "chromium", "headless": false, "chromiumSandbox": false, "devtools": false, "handleSIGHUP": true, "handleSIGINT": true, "handleSIGTERM": true, "slowMo": 0.0, "timeout": 30000.0, "tracesDir": "C:\\Users\\JussiJokinen_k5ltbdd\\book_store\\results\\browser\\traces\\temp\\d5b49192-ac0a-4c4d-a979-679f937f0924"}</msg>
<msg time="2025-10-02T14:25:36.818081" level="INFO">Starting Browser process C:\Users\JussiJokinen_k5ltbdd\book_store\venv\Lib\site-packages\Browser\wrapper\index.js using at 127.0.0.1:61402</msg>
<msg time="2025-10-02T14:25:39.134023" level="INFO">Successfully created browser with options: {"browser":"chromium","headless":false,"chromiumSandbox":false,"devtools":false,"handleSIGHUP":true,"handleSIGINT":true,"handleSIGTERM":true,"slowMo":0,"timeout":30000,"tracesDir":"C:\\Users\\JussiJokinen_k5ltbdd\\book_store\\results\\browser\\traces\\temp\\d5b49192-ac0a-4c4d-a979-679f937f0924"}</msg>
<arg>chromium</arg>
<arg>headless=False</arg>
<tag>BrowserControl</tag>
<tag>Setter</tag>
<doc>Create a new playwright Browser with specified options.</doc>
<status status="PASS" start="2025-10-02T14:25:36.765997" elapsed="2.372227"/>
</kw>
<kw name="New Page" owner="Browser">
<msg time="2025-10-02T14:25:43.126994" level="INFO">Successfully initialized new page object and opened url: https://practice.automationtesting.in/</msg>
<msg time="2025-10-02T14:25:43.127539" level="INFO">No context was open. New context was automatically opened when this page is created.</msg>
<arg>${URL}</arg>
<tag>BrowserControl</tag>
<tag>Setter</tag>
<doc>Open a new Page.</doc>
<status status="PASS" start="2025-10-02T14:25:39.140606" elapsed="3.987547"/>
</kw>
<kw name="Click" owner="Browser">
<msg time="2025-10-02T14:25:43.131120" level="INFO">Clicks the element '//button[@aria-label='Do not consent']'.</msg>
<arg>${LOGIN_CONSENT_NO}</arg>
<tag>PageContent</tag>
<tag>Setter</tag>
<doc>Simulates mouse click on the element found by ``selector``.</doc>
<status status="PASS" start="2025-10-02T14:25:43.128954" elapsed="0.402922"/>
</kw>
<status status="PASS" start="2025-10-02T14:25:36.764722" elapsed="6.767725"/>
</kw>
<kw name="Register New User With Valid Credentials">
<kw name="Get Register Data" owner="CustomLibrary">
<msg time="2025-10-02T14:25:43.631785" level="INFO">&amp;{register_data} = { email=maria72@testmail.com | password=bwPIV@9zi3lV }</msg>
<var>&amp;{register_data}</var>
<doc>Returns random register data</doc>
<status status="PASS" start="2025-10-02T14:25:43.538626" elapsed="0.093763"/>
</kw>
<kw name="Click" owner="Browser">
<msg time="2025-10-02T14:25:43.642185" level="INFO">Clicks the element '//a[normalize-space()='My Account']'.</msg>
<arg>${MY_ACCOUNT}</arg>
<tag>PageContent</tag>
<tag>Setter</tag>
<doc>Simulates mouse click on the element found by ``selector``.</doc>
<status status="PASS" start="2025-10-02T14:25:43.633870" elapsed="0.775076"/>
</kw>
<kw name="Type Text" owner="Browser">
<msg time="2025-10-02T14:25:44.414826" level="INFO">Types the text 'maria72@testmail.com' in the given field.</msg>
<arg>${REGISTER_USERNAME}</arg>
<arg>${register_data['email']}</arg>
<tag>PageContent</tag>
<tag>Setter</tag>
<doc>Types the given ``txt`` into the text field found by ``selector``.</doc>
<status status="PASS" start="2025-10-02T14:25:44.409858" elapsed="0.687173"/>
</kw>
<kw name="Type Text" owner="Browser">
<msg time="2025-10-02T14:25:45.101092" level="INFO">Types the text 'bwPIV@9zi3lV' in the given field.</msg>
<arg>${REGISTER_PASSWORD}</arg>
<arg>${register_data['password']}</arg>
<tag>PageContent</tag>
<tag>Setter</tag>
<doc>Types the given ``txt`` into the text field found by ``selector``.</doc>
<status status="PASS" start="2025-10-02T14:25:45.097537" elapsed="0.229495"/>
</kw>
<kw name="Sleep" owner="BuiltIn">
<msg time="2025-10-02T14:25:46.330249" level="INFO">Slept 1 second.</msg>
<arg>1s</arg>
<doc>Pauses the test executed for the given time.</doc>
<status status="PASS" start="2025-10-02T14:25:45.327969" elapsed="1.002880"/>
</kw>
<kw name="Click" owner="Browser">
<msg time="2025-10-02T14:25:46.332487" level="INFO">Clicks the element '//input[@id='reg_password']'.</msg>
<arg>${REGISTER_PASSWORD}</arg>
<tag>PageContent</tag>
<tag>Setter</tag>
<doc>Simulates mouse click on the element found by ``selector``.</doc>
<status status="PASS" start="2025-10-02T14:25:46.331201" elapsed="0.059240"/>
</kw>
<kw name="Wait For Elements State" owner="Browser">
<msg time="2025-10-02T14:25:46.412087" level="INFO">Waited for Element with selector //input[@name='register'] at state visible</msg>
<arg>${REGISTER_BUTTON}</arg>
<tag>PageContent</tag>
<tag>Wait</tag>
<doc>Waits for the element found by ``selector`` to satisfy state option.</doc>
<status status="PASS" start="2025-10-02T14:25:46.390993" elapsed="0.021822"/>
</kw>
<kw name="Click" owner="Browser">
<msg time="2025-10-02T14:25:46.415552" level="INFO">Clicks the element '//input[@name='register']'.</msg>
<arg>${REGISTER_BUTTON}</arg>
<tag>PageContent</tag>
<tag>Setter</tag>
<doc>Simulates mouse click on the element found by ``selector``.</doc>
<status status="PASS" start="2025-10-02T14:25:46.413385" elapsed="4.107632"/>
</kw>
<kw name="Wait For Elements State" owner="Browser">
<msg time="2025-10-02T14:25:50.627653" level="INFO">Waited for Element with selector //a[normalize-space()='Logout'] at state visible</msg>
<arg>${LOGOUT_BUTTON}</arg>
<tag>PageContent</tag>
<tag>Wait</tag>
<doc>Waits for the element found by ``selector`` to satisfy state option.</doc>
<status status="PASS" start="2025-10-02T14:25:50.521555" elapsed="0.107016"/>
</kw>
<status status="PASS" start="2025-10-02T14:25:43.534971" elapsed="7.094128"/>
</kw>
<kw name="Close Browser" owner="Browser" type="TEARDOWN">
<msg time="2025-10-02T14:25:51.732562" level="INFO">Closed browser</msg>
<tag>BrowserControl</tag>
<tag>Setter</tag>
<doc>Closes the current browser.</doc>
<status status="PASS" start="2025-10-02T14:25:50.630259" elapsed="1.103164"/>
</kw>
<doc>Tests to register a new user with valid credentials</doc>
<status status="PASS" start="2025-10-02T14:25:36.757806" elapsed="14.976576"/>
</test>
<status status="PASS" start="2025-10-02T14:25:36.182938" elapsed="15.580812"/>
</suite>
<status status="PASS" start="2025-10-02T14:25:36.170762" elapsed="15.630411"/>
</suite>
<status status="PASS" start="2025-10-02T14:25:36.124534" elapsed="15.691412"/>
</suite>
<statistics>
<total>
<stat pass="1" fail="0" skip="0">All Tests</stat>
</total>
<tag>
</tag>
<suite>
<stat name="Book Store" id="s1" pass="1" fail="0" skip="0">Book Store</stat>
<stat name="Tests" id="s1-s1" pass="1" fail="0" skip="0">Book Store.Tests</stat>
<stat name="Register" id="s1-s1-s1" pass="1" fail="0" skip="0">Book Store.Tests.Register</stat>
</suite>
</statistics>
<errors>
</errors>
</robot>
